[Thu, 21 Jan 16 08:27:44 +0000][ERROR] <y1OPvCV> [Exception] Table 'hq_partners' doesn't exist in database when dumping meta-data for Hqend\Models\Partners (File: /home/hqcompany/web/id.hqsolu.com/public_html/apps/modules/Hqend/controllers/PartnerController.php Line: [26])#0 [internal function]: Phalcon\Mvc\Model\MetaData\Strategy\Introspection->getMetaData(Object(Hqend\Models\Partners), Object(Phalcon\Di\FactoryDefault))
#1 [internal function]: Phalcon\Mvc\Model\MetaData->_initialize(Object(Hqend\Models\Partners), 'hqend\\models\\pa...', 'hq_partners', '')
#2 [internal function]: Phalcon\Mvc\Model\MetaData->readMetaDataIndex(Object(Hqend\Models\Partners), 0)
#3 [internal function]: Phalcon\Mvc\Model\MetaData->getAttributes(Object(Hqend\Models\Partners))
#4 [internal function]: Phalcon\Mvc\Model\Query->_executeSelect(Array, NULL, NULL)
#5 [internal function]: Phalcon\Mvc\Model\Query->execute()
#6 /home/hqcompany/web/id.hqsolu.com/public_html/apps/modules/Hqend/controllers/PartnerController.php(26): Phalcon\Mvc\Model::find()
#7 [internal function]: Hqend\Controllers\PartnerController->searchPartnerAction()
#8 /home/hqcompany/web/id.hqsolu.com/public_html/apps/hqengine/HqDispatcher.php(39): Phalcon\Dispatcher->dispatch()
#9 [internal function]: HqEngine\HqDispatcher->dispatch()
#10 /home/hqcompany/web/id.hqsolu.com/public_html/apps/hqengine/HqApplication/HqApplication.php(161): Phalcon\Mvc\Application->handle()
#11 /home/hqcompany/web/id.hqsolu.com/public_html/public/index.php(32): HqEngine\HqApplication\HqApplication->getOutput()
#12 {main}

[Thu, 21 Jan 16 08:27:48 +0000][ERROR] <82oZuvy> [Exception] Table 'hq_partners' doesn't exist in database when dumping meta-data for Hqend\Models\Partners (File: /home/hqcompany/web/id.hqsolu.com/public_html/apps/modules/Hqend/controllers/PartnerController.php Line: [26])#0 [internal function]: Phalcon\Mvc\Model\MetaData\Strategy\Introspection->getMetaData(Object(Hqend\Models\Partners), Object(Phalcon\Di\FactoryDefault))
#1 [internal function]: Phalcon\Mvc\Model\MetaData->_initialize(Object(Hqend\Models\Partners), 'hqend\\models\\pa...', 'hq_partners', '')
#2 [internal function]: Phalcon\Mvc\Model\MetaData->readMetaDataIndex(Object(Hqend\Models\Partners), 0)
#3 [internal function]: Phalcon\Mvc\Model\MetaData->getAttributes(Object(Hqend\Models\Partners))
#4 [internal function]: Phalcon\Mvc\Model\Query->_executeSelect(Array, NULL, NULL)
#5 [internal function]: Phalcon\Mvc\Model\Query->execute()
#6 /home/hqcompany/web/id.hqsolu.com/public_html/apps/modules/Hqend/controllers/PartnerController.php(26): Phalcon\Mvc\Model::find()
#7 [internal function]: Hqend\Controllers\PartnerController->searchPartnerAction()
#8 /home/hqcompany/web/id.hqsolu.com/public_html/apps/hqengine/HqDispatcher.php(39): Phalcon\Dispatcher->dispatch()
#9 [internal function]: HqEngine\HqDispatcher->dispatch()
#10 /home/hqcompany/web/id.hqsolu.com/public_html/apps/hqengine/HqApplication/HqApplication.php(161): Phalcon\Mvc\Application->handle()
#11 /home/hqcompany/web/id.hqsolu.com/public_html/public/index.php(32): HqEngine\HqApplication\HqApplication->getOutput()
#12 {main}

[Thu, 21 Jan 16 08:27:51 +0000][ERROR] <spzaQLH> [Exception] Table 'hq_channels' doesn't exist in database when dumping meta-data for Hqend\Models\Channels (File: /home/hqcompany/web/id.hqsolu.com/public_html/apps/modules/Hqend/controllers/ChannelController.php Line: [26])#0 [internal function]: Phalcon\Mvc\Model\MetaData\Strategy\Introspection->getMetaData(Object(Hqend\Models\Channels), Object(Phalcon\Di\FactoryDefault))
#1 [internal function]: Phalcon\Mvc\Model\MetaData->_initialize(Object(Hqend\Models\Channels), 'hqend\\models\\ch...', 'hq_channels', '')
#2 [internal function]: Phalcon\Mvc\Model\MetaData->readMetaDataIndex(Object(Hqend\Models\Channels), 0)
#3 [internal function]: Phalcon\Mvc\Model\MetaData->getAttributes(Object(Hqend\Models\Channels))
#4 [internal function]: Phalcon\Mvc\Model\Query->_executeSelect(Array, NULL, NULL)
#5 [internal function]: Phalcon\Mvc\Model\Query->execute()
#6 /home/hqcompany/web/id.hqsolu.com/public_html/apps/modules/Hqend/controllers/ChannelController.php(26): Phalcon\Mvc\Model::find()
#7 [internal function]: Hqend\Controllers\ChannelController->searchChannelAction()
#8 /home/hqcompany/web/id.hqsolu.com/public_html/apps/hqengine/HqDispatcher.php(39): Phalcon\Dispatcher->dispatch()
#9 [internal function]: HqEngine\HqDispatcher->dispatch()
#10 /home/hqcompany/web/id.hqsolu.com/public_html/apps/hqengine/HqApplication/HqApplication.php(161): Phalcon\Mvc\Application->handle()
#11 /home/hqcompany/web/id.hqsolu.com/public_html/public/index.php(32): HqEngine\HqApplication\HqApplication->getOutput()
#12 {main}

[Thu, 21 Jan 16 08:27:56 +0000][ERROR] <5VNehkf> [Exception] Table 'hq_campaigns' doesn't exist in database when dumping meta-data for Hqend\Models\Campaigns (File: /home/hqcompany/web/id.hqsolu.com/public_html/apps/modules/Hqend/controllers/CampaignController.php Line: [26])#0 [internal function]: Phalcon\Mvc\Model\MetaData\Strategy\Introspection->getMetaData(Object(Hqend\Models\Campaigns), Object(Phalcon\Di\FactoryDefault))
#1 [internal function]: Phalcon\Mvc\Model\MetaData->_initialize(Object(Hqend\Models\Campaigns), 'hqend\\models\\ca...', 'hq_campaigns', '')
#2 [internal function]: Phalcon\Mvc\Model\MetaData->readMetaDataIndex(Object(Hqend\Models\Campaigns), 0)
#3 [internal function]: Phalcon\Mvc\Model\MetaData->getAttributes(Object(Hqend\Models\Campaigns))
#4 [internal function]: Phalcon\Mvc\Model\Query->_executeSelect(Array, NULL, NULL)
#5 [internal function]: Phalcon\Mvc\Model\Query->execute()
#6 /home/hqcompany/web/id.hqsolu.com/public_html/apps/modules/Hqend/controllers/CampaignController.php(26): Phalcon\Mvc\Model::find()
#7 [internal function]: Hqend\Controllers\CampaignController->searchCampaignAction()
#8 /home/hqcompany/web/id.hqsolu.com/public_html/apps/hqengine/HqDispatcher.php(39): Phalcon\Dispatcher->dispatch()
#9 [internal function]: HqEngine\HqDispatcher->dispatch()
#10 /home/hqcompany/web/id.hqsolu.com/public_html/apps/hqengine/HqApplication/HqApplication.php(161): Phalcon\Mvc\Application->handle()
#11 /home/hqcompany/web/id.hqsolu.com/public_html/public/index.php(32): HqEngine\HqApplication\HqApplication->getOutput()
#12 {main}

[Thu, 21 Jan 16 08:28:07 +0000][ERROR] <g7dcN6i> [Exception] Table 'hq_campaigns' doesn't exist in database when dumping meta-data for Hqend\Models\Campaigns (File: /home/hqcompany/web/id.hqsolu.com/public_html/apps/modules/Hqend/controllers/CampaignController.php Line: [26])#0 [internal function]: Phalcon\Mvc\Model\MetaData\Strategy\Introspection->getMetaData(Object(Hqend\Models\Campaigns), Object(Phalcon\Di\FactoryDefault))
#1 [internal function]: Phalcon\Mvc\Model\MetaData->_initialize(Object(Hqend\Models\Campaigns), 'hqend\\models\\ca...', 'hq_campaigns', '')
#2 [internal function]: Phalcon\Mvc\Model\MetaData->readMetaDataIndex(Object(Hqend\Models\Campaigns), 0)
#3 [internal function]: Phalcon\Mvc\Model\MetaData->getAttributes(Object(Hqend\Models\Campaigns))
#4 [internal function]: Phalcon\Mvc\Model\Query->_executeSelect(Array, NULL, NULL)
#5 [internal function]: Phalcon\Mvc\Model\Query->execute()
#6 /home/hqcompany/web/id.hqsolu.com/public_html/apps/modules/Hqend/controllers/CampaignController.php(26): Phalcon\Mvc\Model::find()
#7 [internal function]: Hqend\Controllers\CampaignController->searchCampaignAction()
#8 /home/hqcompany/web/id.hqsolu.com/public_html/apps/hqengine/HqDispatcher.php(39): Phalcon\Dispatcher->dispatch()
#9 [internal function]: HqEngine\HqDispatcher->dispatch()
#10 /home/hqcompany/web/id.hqsolu.com/public_html/apps/hqengine/HqApplication/HqApplication.php(161): Phalcon\Mvc\Application->handle()
#11 /home/hqcompany/web/id.hqsolu.com/public_html/public/index.php(32): HqEngine\HqApplication\HqApplication->getOutput()
#12 {main}

[Thu, 21 Jan 16 08:28:21 +0000][ERROR] <m2gPdy0> [Exception] Table 'hq_campaigns' doesn't exist in database when dumping meta-data for Hqend\Models\Campaigns (File: /home/hqcompany/web/id.hqsolu.com/public_html/apps/modules/Hqend/controllers/CampaignController.php Line: [26])#0 [internal function]: Phalcon\Mvc\Model\MetaData\Strategy\Introspection->getMetaData(Object(Hqend\Models\Campaigns), Object(Phalcon\Di\FactoryDefault))
#1 [internal function]: Phalcon\Mvc\Model\MetaData->_initialize(Object(Hqend\Models\Campaigns), 'hqend\\models\\ca...', 'hq_campaigns', '')
#2 [internal function]: Phalcon\Mvc\Model\MetaData->readMetaDataIndex(Object(Hqend\Models\Campaigns), 0)
#3 [internal function]: Phalcon\Mvc\Model\MetaData->getAttributes(Object(Hqend\Models\Campaigns))
#4 [internal function]: Phalcon\Mvc\Model\Query->_executeSelect(Array, NULL, NULL)
#5 [internal function]: Phalcon\Mvc\Model\Query->execute()
#6 /home/hqcompany/web/id.hqsolu.com/public_html/apps/modules/Hqend/controllers/CampaignController.php(26): Phalcon\Mvc\Model::find()
#7 [internal function]: Hqend\Controllers\CampaignController->searchCampaignAction()
#8 /home/hqcompany/web/id.hqsolu.com/public_html/apps/hqengine/HqDispatcher.php(39): Phalcon\Dispatcher->dispatch()
#9 [internal function]: HqEngine\HqDispatcher->dispatch()
#10 /home/hqcompany/web/id.hqsolu.com/public_html/apps/hqengine/HqApplication/HqApplication.php(161): Phalcon\Mvc\Application->handle()
#11 /home/hqcompany/web/id.hqsolu.com/public_html/public/index.php(32): HqEngine\HqApplication\HqApplication->getOutput()
#12 {main}

[Thu, 21 Jan 16 08:31:29 +0000][ERROR] <ZOzDoHc> [Exception] Table 'hq_campaigns' doesn't exist in database when dumping meta-data for Hqend\Models\Campaigns (File: /home/hqcompany/web/id.hqsolu.com/public_html/apps/modules/Hqend/controllers/CampaignController.php Line: [26])#0 [internal function]: Phalcon\Mvc\Model\MetaData\Strategy\Introspection->getMetaData(Object(Hqend\Models\Campaigns), Object(Phalcon\Di\FactoryDefault))
#1 [internal function]: Phalcon\Mvc\Model\MetaData->_initialize(Object(Hqend\Models\Campaigns), 'hqend\\models\\ca...', 'hq_campaigns', '')
#2 [internal function]: Phalcon\Mvc\Model\MetaData->readMetaDataIndex(Object(Hqend\Models\Campaigns), 0)
#3 [internal function]: Phalcon\Mvc\Model\MetaData->getAttributes(Object(Hqend\Models\Campaigns))
#4 [internal function]: Phalcon\Mvc\Model\Query->_executeSelect(Array, NULL, NULL)
#5 [internal function]: Phalcon\Mvc\Model\Query->execute()
#6 /home/hqcompany/web/id.hqsolu.com/public_html/apps/modules/Hqend/controllers/CampaignController.php(26): Phalcon\Mvc\Model::find()
#7 [internal function]: Hqend\Controllers\CampaignController->searchCampaignAction()
#8 /home/hqcompany/web/id.hqsolu.com/public_html/apps/hqengine/HqDispatcher.php(39): Phalcon\Dispatcher->dispatch()
#9 [internal function]: HqEngine\HqDispatcher->dispatch()
#10 /home/hqcompany/web/id.hqsolu.com/public_html/apps/hqengine/HqApplication/HqApplication.php(161): Phalcon\Mvc\Application->handle()
#11 /home/hqcompany/web/id.hqsolu.com/public_html/public/index.php(32): HqEngine\HqApplication\HqApplication->getOutput()
#12 {main}

[Thu, 21 Jan 16 08:33:09 +0000][ERROR] <Pq6Z5uH> [Exception] Table 'hq_campaigns' doesn't exist in database when dumping meta-data for Hqend\Models\Campaigns (File: /home/hqcompany/web/id.hqsolu.com/public_html/apps/modules/Hqend/controllers/CampaignController.php Line: [26])#0 [internal function]: Phalcon\Mvc\Model\MetaData\Strategy\Introspection->getMetaData(Object(Hqend\Models\Campaigns), Object(Phalcon\Di\FactoryDefault))
#1 [internal function]: Phalcon\Mvc\Model\MetaData->_initialize(Object(Hqend\Models\Campaigns), 'hqend\\models\\ca...', 'hq_campaigns', '')
#2 [internal function]: Phalcon\Mvc\Model\MetaData->readMetaDataIndex(Object(Hqend\Models\Campaigns), 0)
#3 [internal function]: Phalcon\Mvc\Model\MetaData->getAttributes(Object(Hqend\Models\Campaigns))
#4 [internal function]: Phalcon\Mvc\Model\Query->_executeSelect(Array, NULL, NULL)
#5 [internal function]: Phalcon\Mvc\Model\Query->execute()
#6 /home/hqcompany/web/id.hqsolu.com/public_html/apps/modules/Hqend/controllers/CampaignController.php(26): Phalcon\Mvc\Model::find()
#7 [internal function]: Hqend\Controllers\CampaignController->searchCampaignAction()
#8 /home/hqcompany/web/id.hqsolu.com/public_html/apps/hqengine/HqDispatcher.php(39): Phalcon\Dispatcher->dispatch()
#9 [internal function]: HqEngine\HqDispatcher->dispatch()
#10 /home/hqcompany/web/id.hqsolu.com/public_html/apps/hqengine/HqApplication/HqApplication.php(161): Phalcon\Mvc\Application->handle()
#11 /home/hqcompany/web/id.hqsolu.com/public_html/public/index.php(32): HqEngine\HqApplication\HqApplication->getOutput()
#12 {main}

