[Fri, 12 Aug 16 18:48:05 +0200][INFO] SELECT IF(COUNT(*) > 0, 1, 0) FROM `INFORMATION_SCHEMA`.`TABLES` WHERE `TABLE_NAME` = 'hq_menu' AND `TABLE_SCHEMA` = DATABASE()
[Fri, 12 Aug 16 18:48:05 +0200][INFO] DESCRIBE `hq_menu`
[Fri, 12 Aug 16 18:48:05 +0200][INFO] SELECT `hq_menu`.`mn_id`, `hq_menu`.`mn_parent_id`, `hq_menu`.`mn_name`, `hq_menu`.`mn_link`, `hq_menu`.`mn_sort`, `hq_menu`.`mn_status`, `hq_menu`.`created_at`, `hq_menu`.`update_at` FROM `hq_menu` WHERE `hq_menu`.`mn_parent_id` = 0 AND `hq_menu`.`mn_status` = 1 ORDER BY `hq_menu`.`mn_sort` ASC
[Fri, 12 Aug 16 18:48:05 +0200][INFO] SELECT IF(COUNT(*) > 0, 1, 0) FROM `INFORMATION_SCHEMA`.`TABLES` WHERE `TABLE_NAME` = 'hq_manufacturer' AND `TABLE_SCHEMA` = DATABASE()
[Fri, 12 Aug 16 18:48:05 +0200][INFO] DESCRIBE `hq_manufacturer`
[Fri, 12 Aug 16 18:48:05 +0200][INFO] SELECT `hq_manufacturer`.`ma_id`, `hq_manufacturer`.`ma_name`, `hq_manufacturer`.`ma_description`, `hq_manufacturer`.`created_at`, `hq_manufacturer`.`update_at` FROM `hq_manufacturer`
[Fri, 12 Aug 16 18:48:05 +0200][INFO] SELECT IF(COUNT(*) > 0, 1, 0) FROM `INFORMATION_SCHEMA`.`TABLES` WHERE `TABLE_NAME` = 'hq_infomation' AND `TABLE_SCHEMA` = DATABASE()
[Fri, 12 Aug 16 18:48:05 +0200][INFO] DESCRIBE `hq_infomation`
[Fri, 12 Aug 16 18:48:05 +0200][INFO] SELECT `hq_infomation`.`inf_id`, `hq_infomation`.`inf_name`, `hq_infomation`.`inf_address`, `hq_infomation`.`inf_phone`, `hq_infomation`.`inf_mail`, `hq_infomation`.`inf_open_time` FROM `hq_infomation` LIMIT :APL0
[Fri, 12 Aug 16 18:48:05 +0200][INFO] SELECT IF(COUNT(*) > 0, 1, 0) FROM `INFORMATION_SCHEMA`.`TABLES` WHERE `TABLE_NAME` = 'hq_orther_page' AND `TABLE_SCHEMA` = DATABASE()
[Fri, 12 Aug 16 18:48:05 +0200][INFO] DESCRIBE `hq_orther_page`
[Fri, 12 Aug 16 18:48:05 +0200][INFO] SELECT `hq_orther_page`.`p_id`, `hq_orther_page`.`p_name`, `hq_orther_page`.`p_short_description`, `hq_orther_page`.`p_description`, `hq_orther_page`.`p_seo_link`, `hq_orther_page`.`p_image_link`, `hq_orther_page`.`p_status`, `hq_orther_page`.`update_at`, `hq_orther_page`.`created_at` FROM `hq_orther_page` WHERE `hq_orther_page`.`p_status` = 1
[Fri, 12 Aug 16 18:48:05 +0200][INFO] SELECT IF(COUNT(*) > 0, 1, 0) FROM `INFORMATION_SCHEMA`.`TABLES` WHERE `TABLE_NAME` = 'hq_collection' AND `TABLE_SCHEMA` = DATABASE()
[Fri, 12 Aug 16 18:48:08 +0200][INFO] SELECT IF(COUNT(*) > 0, 1, 0) FROM `INFORMATION_SCHEMA`.`TABLES` WHERE `TABLE_NAME` = 'hq_admin_role' AND `TABLE_SCHEMA` = DATABASE()
[Fri, 12 Aug 16 18:48:08 +0200][INFO] DESCRIBE `hq_admin_role`
[Fri, 12 Aug 16 18:48:08 +0200][INFO] SELECT `hq_admin_role`.`role_name` AS `role_name`, `hq_admin_role`.`role_ar_user` AS `role_ar_user` FROM `hq_admin_role`
[Fri, 12 Aug 16 18:49:53 +0200][INFO] SELECT IF(COUNT(*) > 0, 1, 0) FROM `INFORMATION_SCHEMA`.`TABLES` WHERE `TABLE_NAME` = 'hq_admin_role' AND `TABLE_SCHEMA` = DATABASE()
[Fri, 12 Aug 16 18:49:53 +0200][INFO] DESCRIBE `hq_admin_role`
[Fri, 12 Aug 16 18:49:53 +0200][INFO] SELECT `hq_admin_role`.`role_name` AS `role_name`, `hq_admin_role`.`role_ar_user` AS `role_ar_user` FROM `hq_admin_role`
[Fri, 12 Aug 16 18:49:53 +0200][INFO] SELECT IF(COUNT(*) > 0, 1, 0) FROM `INFORMATION_SCHEMA`.`TABLES` WHERE `TABLE_NAME` = 'hq_user_admin' AND `TABLE_SCHEMA` = DATABASE()
[Fri, 12 Aug 16 18:49:53 +0200][INFO] DESCRIBE `hq_user_admin`
[Fri, 12 Aug 16 18:49:53 +0200][INFO] SELECT `hq_user_admin`.`usa_id`, `hq_user_admin`.`usa_username`, `hq_user_admin`.`usa_email`, `hq_user_admin`.`usa_password`, `hq_user_admin`.`usa_last_login`, `hq_user_admin`.`usa_create_date` FROM `hq_user_admin` WHERE `hq_user_admin`.`usa_username` = :userEmail AND `hq_user_admin`.`usa_password` = :userPassword LIMIT :APL0
[Fri, 12 Aug 16 18:49:53 +0200][INFO] UPDATE `hq_user_admin` SET `usa_username` = ?, `usa_email` = ?, `usa_password` = ?, `usa_last_login` = ?, `usa_create_date` = ? WHERE `usa_id` = ?
[Fri, 12 Aug 16 18:49:53 +0200][INFO] SELECT IF(COUNT(*) > 0, 1, 0) FROM `INFORMATION_SCHEMA`.`TABLES` WHERE `TABLE_NAME` = 'hq_menu' AND `TABLE_SCHEMA` = DATABASE()
[Fri, 12 Aug 16 18:49:53 +0200][INFO] DESCRIBE `hq_menu`
[Fri, 12 Aug 16 18:49:53 +0200][INFO] SELECT `hq_menu`.`mn_id`, `hq_menu`.`mn_parent_id`, `hq_menu`.`mn_name`, `hq_menu`.`mn_link`, `hq_menu`.`mn_sort`, `hq_menu`.`mn_status`, `hq_menu`.`created_at`, `hq_menu`.`update_at` FROM `hq_menu` WHERE `hq_menu`.`mn_parent_id` = 0 AND `hq_menu`.`mn_status` = 1 ORDER BY `hq_menu`.`mn_sort` ASC
[Fri, 12 Aug 16 18:49:53 +0200][INFO] SELECT IF(COUNT(*) > 0, 1, 0) FROM `INFORMATION_SCHEMA`.`TABLES` WHERE `TABLE_NAME` = 'hq_manufacturer' AND `TABLE_SCHEMA` = DATABASE()
[Fri, 12 Aug 16 18:49:53 +0200][INFO] DESCRIBE `hq_manufacturer`
[Fri, 12 Aug 16 18:49:53 +0200][INFO] SELECT `hq_manufacturer`.`ma_id`, `hq_manufacturer`.`ma_name`, `hq_manufacturer`.`ma_description`, `hq_manufacturer`.`created_at`, `hq_manufacturer`.`update_at` FROM `hq_manufacturer`
[Fri, 12 Aug 16 18:49:53 +0200][INFO] SELECT IF(COUNT(*) > 0, 1, 0) FROM `INFORMATION_SCHEMA`.`TABLES` WHERE `TABLE_NAME` = 'hq_infomation' AND `TABLE_SCHEMA` = DATABASE()
[Fri, 12 Aug 16 18:49:53 +0200][INFO] DESCRIBE `hq_infomation`
[Fri, 12 Aug 16 18:49:53 +0200][INFO] SELECT `hq_infomation`.`inf_id`, `hq_infomation`.`inf_name`, `hq_infomation`.`inf_address`, `hq_infomation`.`inf_phone`, `hq_infomation`.`inf_mail`, `hq_infomation`.`inf_open_time` FROM `hq_infomation` LIMIT :APL0
[Fri, 12 Aug 16 18:49:53 +0200][INFO] SELECT IF(COUNT(*) > 0, 1, 0) FROM `INFORMATION_SCHEMA`.`TABLES` WHERE `TABLE_NAME` = 'hq_orther_page' AND `TABLE_SCHEMA` = DATABASE()
[Fri, 12 Aug 16 18:49:53 +0200][INFO] DESCRIBE `hq_orther_page`
[Fri, 12 Aug 16 18:49:53 +0200][INFO] SELECT `hq_orther_page`.`p_id`, `hq_orther_page`.`p_name`, `hq_orther_page`.`p_short_description`, `hq_orther_page`.`p_description`, `hq_orther_page`.`p_seo_link`, `hq_orther_page`.`p_image_link`, `hq_orther_page`.`p_status`, `hq_orther_page`.`update_at`, `hq_orther_page`.`created_at` FROM `hq_orther_page` WHERE `hq_orther_page`.`p_status` = 1
[Fri, 12 Aug 16 18:49:53 +0200][INFO] SELECT IF(COUNT(*) > 0, 1, 0) FROM `INFORMATION_SCHEMA`.`TABLES` WHERE `TABLE_NAME` = 'hq_menu' AND `TABLE_SCHEMA` = DATABASE()
[Fri, 12 Aug 16 18:49:53 +0200][INFO] DESCRIBE `hq_menu`
[Fri, 12 Aug 16 18:49:53 +0200][INFO] SELECT `hq_menu`.`mn_id`, `hq_menu`.`mn_parent_id`, `hq_menu`.`mn_name`, `hq_menu`.`mn_link`, `hq_menu`.`mn_sort`, `hq_menu`.`mn_status`, `hq_menu`.`created_at`, `hq_menu`.`update_at` FROM `hq_menu` WHERE `hq_menu`.`mn_parent_id` = 0 AND `hq_menu`.`mn_status` = 1 ORDER BY `hq_menu`.`mn_sort` ASC
[Fri, 12 Aug 16 18:49:53 +0200][INFO] SELECT IF(COUNT(*) > 0, 1, 0) FROM `INFORMATION_SCHEMA`.`TABLES` WHERE `TABLE_NAME` = 'hq_manufacturer' AND `TABLE_SCHEMA` = DATABASE()
[Fri, 12 Aug 16 18:49:53 +0200][INFO] DESCRIBE `hq_manufacturer`
[Fri, 12 Aug 16 18:49:53 +0200][INFO] SELECT `hq_manufacturer`.`ma_id`, `hq_manufacturer`.`ma_name`, `hq_manufacturer`.`ma_description`, `hq_manufacturer`.`created_at`, `hq_manufacturer`.`update_at` FROM `hq_manufacturer`
[Fri, 12 Aug 16 18:49:53 +0200][INFO] SELECT IF(COUNT(*) > 0, 1, 0) FROM `INFORMATION_SCHEMA`.`TABLES` WHERE `TABLE_NAME` = 'hq_infomation' AND `TABLE_SCHEMA` = DATABASE()
[Fri, 12 Aug 16 18:49:53 +0200][INFO] DESCRIBE `hq_infomation`
[Fri, 12 Aug 16 18:49:53 +0200][INFO] SELECT `hq_infomation`.`inf_id`, `hq_infomation`.`inf_name`, `hq_infomation`.`inf_address`, `hq_infomation`.`inf_phone`, `hq_infomation`.`inf_mail`, `hq_infomation`.`inf_open_time` FROM `hq_infomation` LIMIT :APL0
[Fri, 12 Aug 16 18:49:53 +0200][INFO] SELECT IF(COUNT(*) > 0, 1, 0) FROM `INFORMATION_SCHEMA`.`TABLES` WHERE `TABLE_NAME` = 'hq_orther_page' AND `TABLE_SCHEMA` = DATABASE()
[Fri, 12 Aug 16 18:49:53 +0200][INFO] DESCRIBE `hq_orther_page`
[Fri, 12 Aug 16 18:49:53 +0200][INFO] SELECT `hq_orther_page`.`p_id`, `hq_orther_page`.`p_name`, `hq_orther_page`.`p_short_description`, `hq_orther_page`.`p_description`, `hq_orther_page`.`p_seo_link`, `hq_orther_page`.`p_image_link`, `hq_orther_page`.`p_status`, `hq_orther_page`.`update_at`, `hq_orther_page`.`created_at` FROM `hq_orther_page` WHERE `hq_orther_page`.`p_status` = 1
[Fri, 12 Aug 16 18:49:53 +0200][INFO] SELECT IF(COUNT(*) > 0, 1, 0) FROM `INFORMATION_SCHEMA`.`TABLES` WHERE `TABLE_NAME` = 'hq_menu' AND `TABLE_SCHEMA` = DATABASE()
[Fri, 12 Aug 16 18:49:53 +0200][INFO] DESCRIBE `hq_menu`
[Fri, 12 Aug 16 18:49:53 +0200][INFO] SELECT `hq_menu`.`mn_id`, `hq_menu`.`mn_parent_id`, `hq_menu`.`mn_name`, `hq_menu`.`mn_link`, `hq_menu`.`mn_sort`, `hq_menu`.`mn_status`, `hq_menu`.`created_at`, `hq_menu`.`update_at` FROM `hq_menu` WHERE `hq_menu`.`mn_parent_id` = 0 AND `hq_menu`.`mn_status` = 1 ORDER BY `hq_menu`.`mn_sort` ASC
[Fri, 12 Aug 16 18:49:53 +0200][INFO] SELECT IF(COUNT(*) > 0, 1, 0) FROM `INFORMATION_SCHEMA`.`TABLES` WHERE `TABLE_NAME` = 'hq_manufacturer' AND `TABLE_SCHEMA` = DATABASE()
[Fri, 12 Aug 16 18:49:53 +0200][INFO] DESCRIBE `hq_manufacturer`
[Fri, 12 Aug 16 18:49:53 +0200][INFO] SELECT `hq_manufacturer`.`ma_id`, `hq_manufacturer`.`ma_name`, `hq_manufacturer`.`ma_description`, `hq_manufacturer`.`created_at`, `hq_manufacturer`.`update_at` FROM `hq_manufacturer`
[Fri, 12 Aug 16 18:49:53 +0200][INFO] SELECT IF(COUNT(*) > 0, 1, 0) FROM `INFORMATION_SCHEMA`.`TABLES` WHERE `TABLE_NAME` = 'hq_infomation' AND `TABLE_SCHEMA` = DATABASE()
[Fri, 12 Aug 16 18:49:53 +0200][INFO] DESCRIBE `hq_infomation`
[Fri, 12 Aug 16 18:49:53 +0200][INFO] SELECT `hq_infomation`.`inf_id`, `hq_infomation`.`inf_name`, `hq_infomation`.`inf_address`, `hq_infomation`.`inf_phone`, `hq_infomation`.`inf_mail`, `hq_infomation`.`inf_open_time` FROM `hq_infomation` LIMIT :APL0
[Fri, 12 Aug 16 18:49:53 +0200][INFO] SELECT IF(COUNT(*) > 0, 1, 0) FROM `INFORMATION_SCHEMA`.`TABLES` WHERE `TABLE_NAME` = 'hq_orther_page' AND `TABLE_SCHEMA` = DATABASE()
[Fri, 12 Aug 16 18:49:53 +0200][INFO] DESCRIBE `hq_orther_page`
[Fri, 12 Aug 16 18:49:53 +0200][INFO] SELECT `hq_orther_page`.`p_id`, `hq_orther_page`.`p_name`, `hq_orther_page`.`p_short_description`, `hq_orther_page`.`p_description`, `hq_orther_page`.`p_seo_link`, `hq_orther_page`.`p_image_link`, `hq_orther_page`.`p_status`, `hq_orther_page`.`update_at`, `hq_orther_page`.`created_at` FROM `hq_orther_page` WHERE `hq_orther_page`.`p_status` = 1
[Fri, 12 Aug 16 18:49:54 +0200][INFO] SELECT IF(COUNT(*) > 0, 1, 0) FROM `INFORMATION_SCHEMA`.`TABLES` WHERE `TABLE_NAME` = 'hq_admin_role' AND `TABLE_SCHEMA` = DATABASE()
[Fri, 12 Aug 16 18:49:54 +0200][INFO] DESCRIBE `hq_admin_role`
[Fri, 12 Aug 16 18:49:54 +0200][INFO] SELECT `hq_admin_role`.`role_name` AS `role_name`, `hq_admin_role`.`role_ar_user` AS `role_ar_user` FROM `hq_admin_role`
[Fri, 12 Aug 16 18:49:54 +0200][INFO] SELECT IF(COUNT(*) > 0, 1, 0) FROM `INFORMATION_SCHEMA`.`TABLES` WHERE `TABLE_NAME` = 'hq_user' AND `TABLE_SCHEMA` = DATABASE()
[Fri, 12 Aug 16 18:49:54 +0200][INFO] DESCRIBE `hq_user`
[Fri, 12 Aug 16 18:49:54 +0200][INFO] SELECT DISTINCT (YEAR(`hq_user`.`created_at`)) AS `time` FROM `hq_user`
[Fri, 12 Aug 16 18:49:55 +0200][INFO] SELECT IF(COUNT(*) > 0, 1, 0) FROM `INFORMATION_SCHEMA`.`TABLES` WHERE `TABLE_NAME` = 'hq_admin_role' AND `TABLE_SCHEMA` = DATABASE()
[Fri, 12 Aug 16 18:49:55 +0200][INFO] DESCRIBE `hq_admin_role`
[Fri, 12 Aug 16 18:49:55 +0200][INFO] SELECT `hq_admin_role`.`role_name` AS `role_name`, `hq_admin_role`.`role_ar_user` AS `role_ar_user` FROM `hq_admin_role`
[Fri, 12 Aug 16 18:49:55 +0200][INFO] SELECT IF(COUNT(*) > 0, 1, 0) FROM `INFORMATION_SCHEMA`.`TABLES` WHERE `TABLE_NAME` = 'hq_order' AND `TABLE_SCHEMA` = DATABASE()
[Fri, 12 Aug 16 18:49:55 +0200][INFO] SELECT IF(COUNT(*) > 0, 1, 0) FROM `INFORMATION_SCHEMA`.`TABLES` WHERE `TABLE_NAME` = 'hq_admin_role' AND `TABLE_SCHEMA` = DATABASE()
[Fri, 12 Aug 16 18:49:55 +0200][INFO] DESCRIBE `hq_admin_role`
[Fri, 12 Aug 16 18:49:55 +0200][INFO] SELECT `hq_admin_role`.`role_name` AS `role_name`, `hq_admin_role`.`role_ar_user` AS `role_ar_user` FROM `hq_admin_role`
[Fri, 12 Aug 16 18:49:55 +0200][INFO] SELECT IF(COUNT(*) > 0, 1, 0) FROM `INFORMATION_SCHEMA`.`TABLES` WHERE `TABLE_NAME` = 'hq_order' AND `TABLE_SCHEMA` = DATABASE()
[Fri, 12 Aug 16 18:49:55 +0200][INFO] SELECT IF(COUNT(*) > 0, 1, 0) FROM `INFORMATION_SCHEMA`.`TABLES` WHERE `TABLE_NAME` = 'hq_admin_role' AND `TABLE_SCHEMA` = DATABASE()
[Fri, 12 Aug 16 18:49:55 +0200][INFO] DESCRIBE `hq_admin_role`
[Fri, 12 Aug 16 18:49:55 +0200][INFO] SELECT `hq_admin_role`.`role_name` AS `role_name`, `hq_admin_role`.`role_ar_user` AS `role_ar_user` FROM `hq_admin_role`
[Fri, 12 Aug 16 18:49:55 +0200][INFO] SELECT IF(COUNT(*) > 0, 1, 0) FROM `INFORMATION_SCHEMA`.`TABLES` WHERE `TABLE_NAME` = 'hq_user' AND `TABLE_SCHEMA` = DATABASE()
[Fri, 12 Aug 16 18:49:55 +0200][INFO] DESCRIBE `hq_user`
[Fri, 12 Aug 16 18:49:55 +0200][INFO] SELECT count(`hq_user`.`us_id`) AS `value`, date(`hq_user`.`created_at`) AS `time` FROM `hq_user` WHERE YEAR(`hq_user`.`created_at`) = '2016' AND MONTH(`hq_user`.`created_at`) = '8' GROUP BY date(`hq_user`.`created_at`)
[Fri, 12 Aug 16 18:49:55 +0200][INFO] SELECT IF(COUNT(*) > 0, 1, 0) FROM `INFORMATION_SCHEMA`.`TABLES` WHERE `TABLE_NAME` = 'hq_admin_role' AND `TABLE_SCHEMA` = DATABASE()
[Fri, 12 Aug 16 18:49:55 +0200][INFO] DESCRIBE `hq_admin_role`
[Fri, 12 Aug 16 18:49:55 +0200][INFO] SELECT `hq_admin_role`.`role_name` AS `role_name`, `hq_admin_role`.`role_ar_user` AS `role_ar_user` FROM `hq_admin_role`
[Fri, 12 Aug 16 18:49:55 +0200][INFO] SELECT IF(COUNT(*) > 0, 1, 0) FROM `INFORMATION_SCHEMA`.`TABLES` WHERE `TABLE_NAME` = 'hq_order' AND `TABLE_SCHEMA` = DATABASE()
[Fri, 12 Aug 16 18:50:25 +0200][INFO] SELECT IF(COUNT(*) > 0, 1, 0) FROM `INFORMATION_SCHEMA`.`TABLES` WHERE `TABLE_NAME` = 'hq_admin_role' AND `TABLE_SCHEMA` = DATABASE()
[Fri, 12 Aug 16 18:50:25 +0200][INFO] DESCRIBE `hq_admin_role`
[Fri, 12 Aug 16 18:50:25 +0200][INFO] SELECT `hq_admin_role`.`role_name` AS `role_name`, `hq_admin_role`.`role_ar_user` AS `role_ar_user` FROM `hq_admin_role`
[Fri, 12 Aug 16 18:50:25 +0200][INFO] SELECT IF(COUNT(*) > 0, 1, 0) FROM `INFORMATION_SCHEMA`.`TABLES` WHERE `TABLE_NAME` = 'hq_order' AND `TABLE_SCHEMA` = DATABASE()
[Fri, 12 Aug 16 18:50:55 +0200][INFO] SELECT IF(COUNT(*) > 0, 1, 0) FROM `INFORMATION_SCHEMA`.`TABLES` WHERE `TABLE_NAME` = 'hq_admin_role' AND `TABLE_SCHEMA` = DATABASE()
[Fri, 12 Aug 16 18:50:55 +0200][INFO] DESCRIBE `hq_admin_role`
[Fri, 12 Aug 16 18:50:55 +0200][INFO] SELECT `hq_admin_role`.`role_name` AS `role_name`, `hq_admin_role`.`role_ar_user` AS `role_ar_user` FROM `hq_admin_role`
[Fri, 12 Aug 16 18:50:55 +0200][INFO] SELECT IF(COUNT(*) > 0, 1, 0) FROM `INFORMATION_SCHEMA`.`TABLES` WHERE `TABLE_NAME` = 'hq_order' AND `TABLE_SCHEMA` = DATABASE()
[Fri, 12 Aug 16 18:51:25 +0200][INFO] SELECT IF(COUNT(*) > 0, 1, 0) FROM `INFORMATION_SCHEMA`.`TABLES` WHERE `TABLE_NAME` = 'hq_admin_role' AND `TABLE_SCHEMA` = DATABASE()
[Fri, 12 Aug 16 18:51:25 +0200][INFO] DESCRIBE `hq_admin_role`
[Fri, 12 Aug 16 18:51:25 +0200][INFO] SELECT `hq_admin_role`.`role_name` AS `role_name`, `hq_admin_role`.`role_ar_user` AS `role_ar_user` FROM `hq_admin_role`
[Fri, 12 Aug 16 18:51:25 +0200][INFO] SELECT IF(COUNT(*) > 0, 1, 0) FROM `INFORMATION_SCHEMA`.`TABLES` WHERE `TABLE_NAME` = 'hq_order' AND `TABLE_SCHEMA` = DATABASE()
[Fri, 12 Aug 16 18:51:55 +0200][INFO] SELECT IF(COUNT(*) > 0, 1, 0) FROM `INFORMATION_SCHEMA`.`TABLES` WHERE `TABLE_NAME` = 'hq_admin_role' AND `TABLE_SCHEMA` = DATABASE()
[Fri, 12 Aug 16 18:51:55 +0200][INFO] DESCRIBE `hq_admin_role`
[Fri, 12 Aug 16 18:51:55 +0200][INFO] SELECT `hq_admin_role`.`role_name` AS `role_name`, `hq_admin_role`.`role_ar_user` AS `role_ar_user` FROM `hq_admin_role`
[Fri, 12 Aug 16 18:51:55 +0200][INFO] SELECT IF(COUNT(*) > 0, 1, 0) FROM `INFORMATION_SCHEMA`.`TABLES` WHERE `TABLE_NAME` = 'hq_order' AND `TABLE_SCHEMA` = DATABASE()
[Fri, 12 Aug 16 18:52:25 +0200][INFO] SELECT IF(COUNT(*) > 0, 1, 0) FROM `INFORMATION_SCHEMA`.`TABLES` WHERE `TABLE_NAME` = 'hq_admin_role' AND `TABLE_SCHEMA` = DATABASE()
[Fri, 12 Aug 16 18:52:25 +0200][INFO] DESCRIBE `hq_admin_role`
[Fri, 12 Aug 16 18:52:25 +0200][INFO] SELECT `hq_admin_role`.`role_name` AS `role_name`, `hq_admin_role`.`role_ar_user` AS `role_ar_user` FROM `hq_admin_role`
[Fri, 12 Aug 16 18:52:25 +0200][INFO] SELECT IF(COUNT(*) > 0, 1, 0) FROM `INFORMATION_SCHEMA`.`TABLES` WHERE `TABLE_NAME` = 'hq_order' AND `TABLE_SCHEMA` = DATABASE()
[Fri, 12 Aug 16 18:52:55 +0200][INFO] SELECT IF(COUNT(*) > 0, 1, 0) FROM `INFORMATION_SCHEMA`.`TABLES` WHERE `TABLE_NAME` = 'hq_admin_role' AND `TABLE_SCHEMA` = DATABASE()
[Fri, 12 Aug 16 18:52:55 +0200][INFO] DESCRIBE `hq_admin_role`
[Fri, 12 Aug 16 18:52:55 +0200][INFO] SELECT `hq_admin_role`.`role_name` AS `role_name`, `hq_admin_role`.`role_ar_user` AS `role_ar_user` FROM `hq_admin_role`
[Fri, 12 Aug 16 18:52:55 +0200][INFO] SELECT IF(COUNT(*) > 0, 1, 0) FROM `INFORMATION_SCHEMA`.`TABLES` WHERE `TABLE_NAME` = 'hq_order' AND `TABLE_SCHEMA` = DATABASE()
[Fri, 12 Aug 16 18:53:25 +0200][INFO] SELECT IF(COUNT(*) > 0, 1, 0) FROM `INFORMATION_SCHEMA`.`TABLES` WHERE `TABLE_NAME` = 'hq_admin_role' AND `TABLE_SCHEMA` = DATABASE()
[Fri, 12 Aug 16 18:53:25 +0200][INFO] DESCRIBE `hq_admin_role`
[Fri, 12 Aug 16 18:53:25 +0200][INFO] SELECT `hq_admin_role`.`role_name` AS `role_name`, `hq_admin_role`.`role_ar_user` AS `role_ar_user` FROM `hq_admin_role`
[Fri, 12 Aug 16 18:53:25 +0200][INFO] SELECT IF(COUNT(*) > 0, 1, 0) FROM `INFORMATION_SCHEMA`.`TABLES` WHERE `TABLE_NAME` = 'hq_order' AND `TABLE_SCHEMA` = DATABASE()
[Fri, 12 Aug 16 18:53:55 +0200][INFO] SELECT IF(COUNT(*) > 0, 1, 0) FROM `INFORMATION_SCHEMA`.`TABLES` WHERE `TABLE_NAME` = 'hq_admin_role' AND `TABLE_SCHEMA` = DATABASE()
[Fri, 12 Aug 16 18:53:55 +0200][INFO] DESCRIBE `hq_admin_role`
[Fri, 12 Aug 16 18:53:55 +0200][INFO] SELECT `hq_admin_role`.`role_name` AS `role_name`, `hq_admin_role`.`role_ar_user` AS `role_ar_user` FROM `hq_admin_role`
[Fri, 12 Aug 16 18:53:55 +0200][INFO] SELECT IF(COUNT(*) > 0, 1, 0) FROM `INFORMATION_SCHEMA`.`TABLES` WHERE `TABLE_NAME` = 'hq_order' AND `TABLE_SCHEMA` = DATABASE()
[Fri, 12 Aug 16 18:54:25 +0200][INFO] SELECT IF(COUNT(*) > 0, 1, 0) FROM `INFORMATION_SCHEMA`.`TABLES` WHERE `TABLE_NAME` = 'hq_admin_role' AND `TABLE_SCHEMA` = DATABASE()
[Fri, 12 Aug 16 18:54:25 +0200][INFO] DESCRIBE `hq_admin_role`
[Fri, 12 Aug 16 18:54:25 +0200][INFO] SELECT `hq_admin_role`.`role_name` AS `role_name`, `hq_admin_role`.`role_ar_user` AS `role_ar_user` FROM `hq_admin_role`
[Fri, 12 Aug 16 18:54:25 +0200][INFO] SELECT IF(COUNT(*) > 0, 1, 0) FROM `INFORMATION_SCHEMA`.`TABLES` WHERE `TABLE_NAME` = 'hq_order' AND `TABLE_SCHEMA` = DATABASE()
[Fri, 12 Aug 16 18:54:55 +0200][INFO] SELECT IF(COUNT(*) > 0, 1, 0) FROM `INFORMATION_SCHEMA`.`TABLES` WHERE `TABLE_NAME` = 'hq_admin_role' AND `TABLE_SCHEMA` = DATABASE()
[Fri, 12 Aug 16 18:54:55 +0200][INFO] DESCRIBE `hq_admin_role`
[Fri, 12 Aug 16 18:54:55 +0200][INFO] SELECT `hq_admin_role`.`role_name` AS `role_name`, `hq_admin_role`.`role_ar_user` AS `role_ar_user` FROM `hq_admin_role`
[Fri, 12 Aug 16 18:54:55 +0200][INFO] SELECT IF(COUNT(*) > 0, 1, 0) FROM `INFORMATION_SCHEMA`.`TABLES` WHERE `TABLE_NAME` = 'hq_order' AND `TABLE_SCHEMA` = DATABASE()
[Fri, 12 Aug 16 18:55:25 +0200][INFO] SELECT IF(COUNT(*) > 0, 1, 0) FROM `INFORMATION_SCHEMA`.`TABLES` WHERE `TABLE_NAME` = 'hq_admin_role' AND `TABLE_SCHEMA` = DATABASE()
[Fri, 12 Aug 16 18:55:25 +0200][INFO] DESCRIBE `hq_admin_role`
[Fri, 12 Aug 16 18:55:25 +0200][INFO] SELECT `hq_admin_role`.`role_name` AS `role_name`, `hq_admin_role`.`role_ar_user` AS `role_ar_user` FROM `hq_admin_role`
[Fri, 12 Aug 16 18:55:25 +0200][INFO] SELECT IF(COUNT(*) > 0, 1, 0) FROM `INFORMATION_SCHEMA`.`TABLES` WHERE `TABLE_NAME` = 'hq_order' AND `TABLE_SCHEMA` = DATABASE()
[Fri, 12 Aug 16 18:55:55 +0200][INFO] SELECT IF(COUNT(*) > 0, 1, 0) FROM `INFORMATION_SCHEMA`.`TABLES` WHERE `TABLE_NAME` = 'hq_admin_role' AND `TABLE_SCHEMA` = DATABASE()
[Fri, 12 Aug 16 18:55:55 +0200][INFO] DESCRIBE `hq_admin_role`
[Fri, 12 Aug 16 18:55:55 +0200][INFO] SELECT `hq_admin_role`.`role_name` AS `role_name`, `hq_admin_role`.`role_ar_user` AS `role_ar_user` FROM `hq_admin_role`
[Fri, 12 Aug 16 18:55:55 +0200][INFO] SELECT IF(COUNT(*) > 0, 1, 0) FROM `INFORMATION_SCHEMA`.`TABLES` WHERE `TABLE_NAME` = 'hq_order' AND `TABLE_SCHEMA` = DATABASE()
[Fri, 12 Aug 16 18:56:25 +0200][INFO] SELECT IF(COUNT(*) > 0, 1, 0) FROM `INFORMATION_SCHEMA`.`TABLES` WHERE `TABLE_NAME` = 'hq_admin_role' AND `TABLE_SCHEMA` = DATABASE()
[Fri, 12 Aug 16 18:56:25 +0200][INFO] DESCRIBE `hq_admin_role`
[Fri, 12 Aug 16 18:56:25 +0200][INFO] SELECT `hq_admin_role`.`role_name` AS `role_name`, `hq_admin_role`.`role_ar_user` AS `role_ar_user` FROM `hq_admin_role`
[Fri, 12 Aug 16 18:56:25 +0200][INFO] SELECT IF(COUNT(*) > 0, 1, 0) FROM `INFORMATION_SCHEMA`.`TABLES` WHERE `TABLE_NAME` = 'hq_order' AND `TABLE_SCHEMA` = DATABASE()
[Fri, 12 Aug 16 18:56:55 +0200][INFO] SELECT IF(COUNT(*) > 0, 1, 0) FROM `INFORMATION_SCHEMA`.`TABLES` WHERE `TABLE_NAME` = 'hq_admin_role' AND `TABLE_SCHEMA` = DATABASE()
[Fri, 12 Aug 16 18:56:55 +0200][INFO] DESCRIBE `hq_admin_role`
[Fri, 12 Aug 16 18:56:55 +0200][INFO] SELECT `hq_admin_role`.`role_name` AS `role_name`, `hq_admin_role`.`role_ar_user` AS `role_ar_user` FROM `hq_admin_role`
[Fri, 12 Aug 16 18:56:55 +0200][INFO] SELECT IF(COUNT(*) > 0, 1, 0) FROM `INFORMATION_SCHEMA`.`TABLES` WHERE `TABLE_NAME` = 'hq_order' AND `TABLE_SCHEMA` = DATABASE()
[Fri, 12 Aug 16 18:57:25 +0200][INFO] SELECT IF(COUNT(*) > 0, 1, 0) FROM `INFORMATION_SCHEMA`.`TABLES` WHERE `TABLE_NAME` = 'hq_admin_role' AND `TABLE_SCHEMA` = DATABASE()
[Fri, 12 Aug 16 18:57:25 +0200][INFO] DESCRIBE `hq_admin_role`
[Fri, 12 Aug 16 18:57:25 +0200][INFO] SELECT `hq_admin_role`.`role_name` AS `role_name`, `hq_admin_role`.`role_ar_user` AS `role_ar_user` FROM `hq_admin_role`
[Fri, 12 Aug 16 18:57:25 +0200][INFO] SELECT IF(COUNT(*) > 0, 1, 0) FROM `INFORMATION_SCHEMA`.`TABLES` WHERE `TABLE_NAME` = 'hq_order' AND `TABLE_SCHEMA` = DATABASE()
[Fri, 12 Aug 16 18:57:55 +0200][INFO] SELECT IF(COUNT(*) > 0, 1, 0) FROM `INFORMATION_SCHEMA`.`TABLES` WHERE `TABLE_NAME` = 'hq_admin_role' AND `TABLE_SCHEMA` = DATABASE()
[Fri, 12 Aug 16 18:57:55 +0200][INFO] DESCRIBE `hq_admin_role`
[Fri, 12 Aug 16 18:57:55 +0200][INFO] SELECT `hq_admin_role`.`role_name` AS `role_name`, `hq_admin_role`.`role_ar_user` AS `role_ar_user` FROM `hq_admin_role`
[Fri, 12 Aug 16 18:57:55 +0200][INFO] SELECT IF(COUNT(*) > 0, 1, 0) FROM `INFORMATION_SCHEMA`.`TABLES` WHERE `TABLE_NAME` = 'hq_order' AND `TABLE_SCHEMA` = DATABASE()
[Fri, 12 Aug 16 18:58:25 +0200][INFO] SELECT IF(COUNT(*) > 0, 1, 0) FROM `INFORMATION_SCHEMA`.`TABLES` WHERE `TABLE_NAME` = 'hq_admin_role' AND `TABLE_SCHEMA` = DATABASE()
[Fri, 12 Aug 16 18:58:25 +0200][INFO] DESCRIBE `hq_admin_role`
[Fri, 12 Aug 16 18:58:25 +0200][INFO] SELECT `hq_admin_role`.`role_name` AS `role_name`, `hq_admin_role`.`role_ar_user` AS `role_ar_user` FROM `hq_admin_role`
[Fri, 12 Aug 16 18:58:25 +0200][INFO] SELECT IF(COUNT(*) > 0, 1, 0) FROM `INFORMATION_SCHEMA`.`TABLES` WHERE `TABLE_NAME` = 'hq_order' AND `TABLE_SCHEMA` = DATABASE()
[Fri, 12 Aug 16 18:58:55 +0200][INFO] SELECT IF(COUNT(*) > 0, 1, 0) FROM `INFORMATION_SCHEMA`.`TABLES` WHERE `TABLE_NAME` = 'hq_admin_role' AND `TABLE_SCHEMA` = DATABASE()
[Fri, 12 Aug 16 18:58:55 +0200][INFO] DESCRIBE `hq_admin_role`
[Fri, 12 Aug 16 18:58:55 +0200][INFO] SELECT `hq_admin_role`.`role_name` AS `role_name`, `hq_admin_role`.`role_ar_user` AS `role_ar_user` FROM `hq_admin_role`
[Fri, 12 Aug 16 18:58:55 +0200][INFO] SELECT IF(COUNT(*) > 0, 1, 0) FROM `INFORMATION_SCHEMA`.`TABLES` WHERE `TABLE_NAME` = 'hq_order' AND `TABLE_SCHEMA` = DATABASE()
[Fri, 12 Aug 16 18:59:25 +0200][INFO] SELECT IF(COUNT(*) > 0, 1, 0) FROM `INFORMATION_SCHEMA`.`TABLES` WHERE `TABLE_NAME` = 'hq_admin_role' AND `TABLE_SCHEMA` = DATABASE()
[Fri, 12 Aug 16 18:59:25 +0200][INFO] DESCRIBE `hq_admin_role`
[Fri, 12 Aug 16 18:59:25 +0200][INFO] SELECT `hq_admin_role`.`role_name` AS `role_name`, `hq_admin_role`.`role_ar_user` AS `role_ar_user` FROM `hq_admin_role`
[Fri, 12 Aug 16 18:59:25 +0200][INFO] SELECT IF(COUNT(*) > 0, 1, 0) FROM `INFORMATION_SCHEMA`.`TABLES` WHERE `TABLE_NAME` = 'hq_order' AND `TABLE_SCHEMA` = DATABASE()
[Fri, 12 Aug 16 18:59:55 +0200][INFO] SELECT IF(COUNT(*) > 0, 1, 0) FROM `INFORMATION_SCHEMA`.`TABLES` WHERE `TABLE_NAME` = 'hq_admin_role' AND `TABLE_SCHEMA` = DATABASE()
[Fri, 12 Aug 16 18:59:55 +0200][INFO] DESCRIBE `hq_admin_role`
[Fri, 12 Aug 16 18:59:55 +0200][INFO] SELECT `hq_admin_role`.`role_name` AS `role_name`, `hq_admin_role`.`role_ar_user` AS `role_ar_user` FROM `hq_admin_role`
[Fri, 12 Aug 16 18:59:55 +0200][INFO] SELECT IF(COUNT(*) > 0, 1, 0) FROM `INFORMATION_SCHEMA`.`TABLES` WHERE `TABLE_NAME` = 'hq_order' AND `TABLE_SCHEMA` = DATABASE()
[Fri, 12 Aug 16 19:00:25 +0200][INFO] SELECT IF(COUNT(*) > 0, 1, 0) FROM `INFORMATION_SCHEMA`.`TABLES` WHERE `TABLE_NAME` = 'hq_admin_role' AND `TABLE_SCHEMA` = DATABASE()
[Fri, 12 Aug 16 19:00:25 +0200][INFO] DESCRIBE `hq_admin_role`
[Fri, 12 Aug 16 19:00:25 +0200][INFO] SELECT `hq_admin_role`.`role_name` AS `role_name`, `hq_admin_role`.`role_ar_user` AS `role_ar_user` FROM `hq_admin_role`
[Fri, 12 Aug 16 19:00:25 +0200][INFO] SELECT IF(COUNT(*) > 0, 1, 0) FROM `INFORMATION_SCHEMA`.`TABLES` WHERE `TABLE_NAME` = 'hq_order' AND `TABLE_SCHEMA` = DATABASE()
[Fri, 12 Aug 16 19:00:55 +0200][INFO] SELECT IF(COUNT(*) > 0, 1, 0) FROM `INFORMATION_SCHEMA`.`TABLES` WHERE `TABLE_NAME` = 'hq_admin_role' AND `TABLE_SCHEMA` = DATABASE()
[Fri, 12 Aug 16 19:00:55 +0200][INFO] DESCRIBE `hq_admin_role`
[Fri, 12 Aug 16 19:00:55 +0200][INFO] SELECT `hq_admin_role`.`role_name` AS `role_name`, `hq_admin_role`.`role_ar_user` AS `role_ar_user` FROM `hq_admin_role`
[Fri, 12 Aug 16 19:00:55 +0200][INFO] SELECT IF(COUNT(*) > 0, 1, 0) FROM `INFORMATION_SCHEMA`.`TABLES` WHERE `TABLE_NAME` = 'hq_order' AND `TABLE_SCHEMA` = DATABASE()
[Fri, 12 Aug 16 19:01:25 +0200][INFO] SELECT IF(COUNT(*) > 0, 1, 0) FROM `INFORMATION_SCHEMA`.`TABLES` WHERE `TABLE_NAME` = 'hq_admin_role' AND `TABLE_SCHEMA` = DATABASE()
[Fri, 12 Aug 16 19:01:25 +0200][INFO] DESCRIBE `hq_admin_role`
[Fri, 12 Aug 16 19:01:25 +0200][INFO] SELECT `hq_admin_role`.`role_name` AS `role_name`, `hq_admin_role`.`role_ar_user` AS `role_ar_user` FROM `hq_admin_role`
[Fri, 12 Aug 16 19:01:25 +0200][INFO] SELECT IF(COUNT(*) > 0, 1, 0) FROM `INFORMATION_SCHEMA`.`TABLES` WHERE `TABLE_NAME` = 'hq_order' AND `TABLE_SCHEMA` = DATABASE()
[Fri, 12 Aug 16 19:01:55 +0200][INFO] SELECT IF(COUNT(*) > 0, 1, 0) FROM `INFORMATION_SCHEMA`.`TABLES` WHERE `TABLE_NAME` = 'hq_admin_role' AND `TABLE_SCHEMA` = DATABASE()
[Fri, 12 Aug 16 19:01:55 +0200][INFO] DESCRIBE `hq_admin_role`
[Fri, 12 Aug 16 19:01:55 +0200][INFO] SELECT `hq_admin_role`.`role_name` AS `role_name`, `hq_admin_role`.`role_ar_user` AS `role_ar_user` FROM `hq_admin_role`
[Fri, 12 Aug 16 19:01:55 +0200][INFO] SELECT IF(COUNT(*) > 0, 1, 0) FROM `INFORMATION_SCHEMA`.`TABLES` WHERE `TABLE_NAME` = 'hq_order' AND `TABLE_SCHEMA` = DATABASE()
[Fri, 12 Aug 16 19:02:25 +0200][INFO] SELECT IF(COUNT(*) > 0, 1, 0) FROM `INFORMATION_SCHEMA`.`TABLES` WHERE `TABLE_NAME` = 'hq_admin_role' AND `TABLE_SCHEMA` = DATABASE()
[Fri, 12 Aug 16 19:02:25 +0200][INFO] DESCRIBE `hq_admin_role`
[Fri, 12 Aug 16 19:02:25 +0200][INFO] SELECT `hq_admin_role`.`role_name` AS `role_name`, `hq_admin_role`.`role_ar_user` AS `role_ar_user` FROM `hq_admin_role`
[Fri, 12 Aug 16 19:02:25 +0200][INFO] SELECT IF(COUNT(*) > 0, 1, 0) FROM `INFORMATION_SCHEMA`.`TABLES` WHERE `TABLE_NAME` = 'hq_order' AND `TABLE_SCHEMA` = DATABASE()
[Fri, 12 Aug 16 19:02:55 +0200][INFO] SELECT IF(COUNT(*) > 0, 1, 0) FROM `INFORMATION_SCHEMA`.`TABLES` WHERE `TABLE_NAME` = 'hq_admin_role' AND `TABLE_SCHEMA` = DATABASE()
[Fri, 12 Aug 16 19:02:55 +0200][INFO] DESCRIBE `hq_admin_role`
[Fri, 12 Aug 16 19:02:55 +0200][INFO] SELECT `hq_admin_role`.`role_name` AS `role_name`, `hq_admin_role`.`role_ar_user` AS `role_ar_user` FROM `hq_admin_role`
[Fri, 12 Aug 16 19:02:55 +0200][INFO] SELECT IF(COUNT(*) > 0, 1, 0) FROM `INFORMATION_SCHEMA`.`TABLES` WHERE `TABLE_NAME` = 'hq_order' AND `TABLE_SCHEMA` = DATABASE()
[Fri, 12 Aug 16 19:03:25 +0200][INFO] SELECT IF(COUNT(*) > 0, 1, 0) FROM `INFORMATION_SCHEMA`.`TABLES` WHERE `TABLE_NAME` = 'hq_admin_role' AND `TABLE_SCHEMA` = DATABASE()
[Fri, 12 Aug 16 19:03:25 +0200][INFO] DESCRIBE `hq_admin_role`
[Fri, 12 Aug 16 19:03:25 +0200][INFO] SELECT `hq_admin_role`.`role_name` AS `role_name`, `hq_admin_role`.`role_ar_user` AS `role_ar_user` FROM `hq_admin_role`
[Fri, 12 Aug 16 19:03:25 +0200][INFO] SELECT IF(COUNT(*) > 0, 1, 0) FROM `INFORMATION_SCHEMA`.`TABLES` WHERE `TABLE_NAME` = 'hq_order' AND `TABLE_SCHEMA` = DATABASE()
[Fri, 12 Aug 16 19:03:55 +0200][INFO] SELECT IF(COUNT(*) > 0, 1, 0) FROM `INFORMATION_SCHEMA`.`TABLES` WHERE `TABLE_NAME` = 'hq_admin_role' AND `TABLE_SCHEMA` = DATABASE()
[Fri, 12 Aug 16 19:03:55 +0200][INFO] DESCRIBE `hq_admin_role`
[Fri, 12 Aug 16 19:03:55 +0200][INFO] SELECT `hq_admin_role`.`role_name` AS `role_name`, `hq_admin_role`.`role_ar_user` AS `role_ar_user` FROM `hq_admin_role`
[Fri, 12 Aug 16 19:03:55 +0200][INFO] SELECT IF(COUNT(*) > 0, 1, 0) FROM `INFORMATION_SCHEMA`.`TABLES` WHERE `TABLE_NAME` = 'hq_order' AND `TABLE_SCHEMA` = DATABASE()
[Fri, 12 Aug 16 19:04:25 +0200][INFO] SELECT IF(COUNT(*) > 0, 1, 0) FROM `INFORMATION_SCHEMA`.`TABLES` WHERE `TABLE_NAME` = 'hq_admin_role' AND `TABLE_SCHEMA` = DATABASE()
[Fri, 12 Aug 16 19:04:25 +0200][INFO] DESCRIBE `hq_admin_role`
[Fri, 12 Aug 16 19:04:25 +0200][INFO] SELECT `hq_admin_role`.`role_name` AS `role_name`, `hq_admin_role`.`role_ar_user` AS `role_ar_user` FROM `hq_admin_role`
[Fri, 12 Aug 16 19:04:25 +0200][INFO] SELECT IF(COUNT(*) > 0, 1, 0) FROM `INFORMATION_SCHEMA`.`TABLES` WHERE `TABLE_NAME` = 'hq_order' AND `TABLE_SCHEMA` = DATABASE()
[Fri, 12 Aug 16 19:04:55 +0200][INFO] SELECT IF(COUNT(*) > 0, 1, 0) FROM `INFORMATION_SCHEMA`.`TABLES` WHERE `TABLE_NAME` = 'hq_admin_role' AND `TABLE_SCHEMA` = DATABASE()
[Fri, 12 Aug 16 19:04:55 +0200][INFO] DESCRIBE `hq_admin_role`
[Fri, 12 Aug 16 19:04:55 +0200][INFO] SELECT `hq_admin_role`.`role_name` AS `role_name`, `hq_admin_role`.`role_ar_user` AS `role_ar_user` FROM `hq_admin_role`
[Fri, 12 Aug 16 19:04:55 +0200][INFO] SELECT IF(COUNT(*) > 0, 1, 0) FROM `INFORMATION_SCHEMA`.`TABLES` WHERE `TABLE_NAME` = 'hq_order' AND `TABLE_SCHEMA` = DATABASE()
[Fri, 12 Aug 16 19:05:25 +0200][INFO] SELECT IF(COUNT(*) > 0, 1, 0) FROM `INFORMATION_SCHEMA`.`TABLES` WHERE `TABLE_NAME` = 'hq_admin_role' AND `TABLE_SCHEMA` = DATABASE()
[Fri, 12 Aug 16 19:05:25 +0200][INFO] DESCRIBE `hq_admin_role`
[Fri, 12 Aug 16 19:05:25 +0200][INFO] SELECT `hq_admin_role`.`role_name` AS `role_name`, `hq_admin_role`.`role_ar_user` AS `role_ar_user` FROM `hq_admin_role`
[Fri, 12 Aug 16 19:05:25 +0200][INFO] SELECT IF(COUNT(*) > 0, 1, 0) FROM `INFORMATION_SCHEMA`.`TABLES` WHERE `TABLE_NAME` = 'hq_order' AND `TABLE_SCHEMA` = DATABASE()
[Fri, 12 Aug 16 19:05:55 +0200][INFO] SELECT IF(COUNT(*) > 0, 1, 0) FROM `INFORMATION_SCHEMA`.`TABLES` WHERE `TABLE_NAME` = 'hq_admin_role' AND `TABLE_SCHEMA` = DATABASE()
[Fri, 12 Aug 16 19:05:55 +0200][INFO] DESCRIBE `hq_admin_role`
[Fri, 12 Aug 16 19:05:55 +0200][INFO] SELECT `hq_admin_role`.`role_name` AS `role_name`, `hq_admin_role`.`role_ar_user` AS `role_ar_user` FROM `hq_admin_role`
[Fri, 12 Aug 16 19:05:55 +0200][INFO] SELECT IF(COUNT(*) > 0, 1, 0) FROM `INFORMATION_SCHEMA`.`TABLES` WHERE `TABLE_NAME` = 'hq_order' AND `TABLE_SCHEMA` = DATABASE()
[Fri, 12 Aug 16 19:06:25 +0200][INFO] SELECT IF(COUNT(*) > 0, 1, 0) FROM `INFORMATION_SCHEMA`.`TABLES` WHERE `TABLE_NAME` = 'hq_admin_role' AND `TABLE_SCHEMA` = DATABASE()
[Fri, 12 Aug 16 19:06:25 +0200][INFO] DESCRIBE `hq_admin_role`
[Fri, 12 Aug 16 19:06:25 +0200][INFO] SELECT `hq_admin_role`.`role_name` AS `role_name`, `hq_admin_role`.`role_ar_user` AS `role_ar_user` FROM `hq_admin_role`
[Fri, 12 Aug 16 19:06:25 +0200][INFO] SELECT IF(COUNT(*) > 0, 1, 0) FROM `INFORMATION_SCHEMA`.`TABLES` WHERE `TABLE_NAME` = 'hq_order' AND `TABLE_SCHEMA` = DATABASE()
[Fri, 12 Aug 16 19:06:55 +0200][INFO] SELECT IF(COUNT(*) > 0, 1, 0) FROM `INFORMATION_SCHEMA`.`TABLES` WHERE `TABLE_NAME` = 'hq_admin_role' AND `TABLE_SCHEMA` = DATABASE()
[Fri, 12 Aug 16 19:06:55 +0200][INFO] DESCRIBE `hq_admin_role`
[Fri, 12 Aug 16 19:06:55 +0200][INFO] SELECT `hq_admin_role`.`role_name` AS `role_name`, `hq_admin_role`.`role_ar_user` AS `role_ar_user` FROM `hq_admin_role`
[Fri, 12 Aug 16 19:06:55 +0200][INFO] SELECT IF(COUNT(*) > 0, 1, 0) FROM `INFORMATION_SCHEMA`.`TABLES` WHERE `TABLE_NAME` = 'hq_order' AND `TABLE_SCHEMA` = DATABASE()
[Fri, 12 Aug 16 19:07:25 +0200][INFO] SELECT IF(COUNT(*) > 0, 1, 0) FROM `INFORMATION_SCHEMA`.`TABLES` WHERE `TABLE_NAME` = 'hq_admin_role' AND `TABLE_SCHEMA` = DATABASE()
[Fri, 12 Aug 16 19:07:25 +0200][INFO] DESCRIBE `hq_admin_role`
[Fri, 12 Aug 16 19:07:25 +0200][INFO] SELECT `hq_admin_role`.`role_name` AS `role_name`, `hq_admin_role`.`role_ar_user` AS `role_ar_user` FROM `hq_admin_role`
[Fri, 12 Aug 16 19:07:25 +0200][INFO] SELECT IF(COUNT(*) > 0, 1, 0) FROM `INFORMATION_SCHEMA`.`TABLES` WHERE `TABLE_NAME` = 'hq_order' AND `TABLE_SCHEMA` = DATABASE()
[Fri, 12 Aug 16 19:07:55 +0200][INFO] SELECT IF(COUNT(*) > 0, 1, 0) FROM `INFORMATION_SCHEMA`.`TABLES` WHERE `TABLE_NAME` = 'hq_admin_role' AND `TABLE_SCHEMA` = DATABASE()
[Fri, 12 Aug 16 19:07:55 +0200][INFO] DESCRIBE `hq_admin_role`
[Fri, 12 Aug 16 19:07:55 +0200][INFO] SELECT `hq_admin_role`.`role_name` AS `role_name`, `hq_admin_role`.`role_ar_user` AS `role_ar_user` FROM `hq_admin_role`
[Fri, 12 Aug 16 19:07:55 +0200][INFO] SELECT IF(COUNT(*) > 0, 1, 0) FROM `INFORMATION_SCHEMA`.`TABLES` WHERE `TABLE_NAME` = 'hq_order' AND `TABLE_SCHEMA` = DATABASE()
[Fri, 12 Aug 16 19:08:25 +0200][INFO] SELECT IF(COUNT(*) > 0, 1, 0) FROM `INFORMATION_SCHEMA`.`TABLES` WHERE `TABLE_NAME` = 'hq_admin_role' AND `TABLE_SCHEMA` = DATABASE()
[Fri, 12 Aug 16 19:08:25 +0200][INFO] DESCRIBE `hq_admin_role`
[Fri, 12 Aug 16 19:08:25 +0200][INFO] SELECT `hq_admin_role`.`role_name` AS `role_name`, `hq_admin_role`.`role_ar_user` AS `role_ar_user` FROM `hq_admin_role`
[Fri, 12 Aug 16 19:08:25 +0200][INFO] SELECT IF(COUNT(*) > 0, 1, 0) FROM `INFORMATION_SCHEMA`.`TABLES` WHERE `TABLE_NAME` = 'hq_order' AND `TABLE_SCHEMA` = DATABASE()
[Fri, 12 Aug 16 19:08:55 +0200][INFO] SELECT IF(COUNT(*) > 0, 1, 0) FROM `INFORMATION_SCHEMA`.`TABLES` WHERE `TABLE_NAME` = 'hq_admin_role' AND `TABLE_SCHEMA` = DATABASE()
[Fri, 12 Aug 16 19:08:55 +0200][INFO] DESCRIBE `hq_admin_role`
[Fri, 12 Aug 16 19:08:55 +0200][INFO] SELECT `hq_admin_role`.`role_name` AS `role_name`, `hq_admin_role`.`role_ar_user` AS `role_ar_user` FROM `hq_admin_role`
[Fri, 12 Aug 16 19:08:55 +0200][INFO] SELECT IF(COUNT(*) > 0, 1, 0) FROM `INFORMATION_SCHEMA`.`TABLES` WHERE `TABLE_NAME` = 'hq_order' AND `TABLE_SCHEMA` = DATABASE()
[Fri, 12 Aug 16 19:09:25 +0200][INFO] SELECT IF(COUNT(*) > 0, 1, 0) FROM `INFORMATION_SCHEMA`.`TABLES` WHERE `TABLE_NAME` = 'hq_admin_role' AND `TABLE_SCHEMA` = DATABASE()
[Fri, 12 Aug 16 19:09:25 +0200][INFO] DESCRIBE `hq_admin_role`
[Fri, 12 Aug 16 19:09:25 +0200][INFO] SELECT `hq_admin_role`.`role_name` AS `role_name`, `hq_admin_role`.`role_ar_user` AS `role_ar_user` FROM `hq_admin_role`
[Fri, 12 Aug 16 19:09:25 +0200][INFO] SELECT IF(COUNT(*) > 0, 1, 0) FROM `INFORMATION_SCHEMA`.`TABLES` WHERE `TABLE_NAME` = 'hq_order' AND `TABLE_SCHEMA` = DATABASE()
[Fri, 12 Aug 16 19:09:55 +0200][INFO] SELECT IF(COUNT(*) > 0, 1, 0) FROM `INFORMATION_SCHEMA`.`TABLES` WHERE `TABLE_NAME` = 'hq_admin_role' AND `TABLE_SCHEMA` = DATABASE()
[Fri, 12 Aug 16 19:09:55 +0200][INFO] DESCRIBE `hq_admin_role`
[Fri, 12 Aug 16 19:09:55 +0200][INFO] SELECT `hq_admin_role`.`role_name` AS `role_name`, `hq_admin_role`.`role_ar_user` AS `role_ar_user` FROM `hq_admin_role`
[Fri, 12 Aug 16 19:09:55 +0200][INFO] SELECT IF(COUNT(*) > 0, 1, 0) FROM `INFORMATION_SCHEMA`.`TABLES` WHERE `TABLE_NAME` = 'hq_order' AND `TABLE_SCHEMA` = DATABASE()
[Fri, 12 Aug 16 19:10:25 +0200][INFO] SELECT IF(COUNT(*) > 0, 1, 0) FROM `INFORMATION_SCHEMA`.`TABLES` WHERE `TABLE_NAME` = 'hq_admin_role' AND `TABLE_SCHEMA` = DATABASE()
[Fri, 12 Aug 16 19:10:25 +0200][INFO] DESCRIBE `hq_admin_role`
[Fri, 12 Aug 16 19:10:25 +0200][INFO] SELECT `hq_admin_role`.`role_name` AS `role_name`, `hq_admin_role`.`role_ar_user` AS `role_ar_user` FROM `hq_admin_role`
[Fri, 12 Aug 16 19:10:25 +0200][INFO] SELECT IF(COUNT(*) > 0, 1, 0) FROM `INFORMATION_SCHEMA`.`TABLES` WHERE `TABLE_NAME` = 'hq_order' AND `TABLE_SCHEMA` = DATABASE()
[Fri, 12 Aug 16 19:10:55 +0200][INFO] SELECT IF(COUNT(*) > 0, 1, 0) FROM `INFORMATION_SCHEMA`.`TABLES` WHERE `TABLE_NAME` = 'hq_admin_role' AND `TABLE_SCHEMA` = DATABASE()
[Fri, 12 Aug 16 19:10:55 +0200][INFO] DESCRIBE `hq_admin_role`
[Fri, 12 Aug 16 19:10:55 +0200][INFO] SELECT `hq_admin_role`.`role_name` AS `role_name`, `hq_admin_role`.`role_ar_user` AS `role_ar_user` FROM `hq_admin_role`
[Fri, 12 Aug 16 19:10:55 +0200][INFO] SELECT IF(COUNT(*) > 0, 1, 0) FROM `INFORMATION_SCHEMA`.`TABLES` WHERE `TABLE_NAME` = 'hq_order' AND `TABLE_SCHEMA` = DATABASE()
[Fri, 12 Aug 16 19:11:01 +0200][INFO] SELECT IF(COUNT(*) > 0, 1, 0) FROM `INFORMATION_SCHEMA`.`TABLES` WHERE `TABLE_NAME` = 'hq_admin_role' AND `TABLE_SCHEMA` = DATABASE()
[Fri, 12 Aug 16 19:11:01 +0200][INFO] DESCRIBE `hq_admin_role`
[Fri, 12 Aug 16 19:11:01 +0200][INFO] SELECT `hq_admin_role`.`role_name` AS `role_name`, `hq_admin_role`.`role_ar_user` AS `role_ar_user` FROM `hq_admin_role`
[Fri, 12 Aug 16 19:11:01 +0200][INFO] SELECT IF(COUNT(*) > 0, 1, 0) FROM `INFORMATION_SCHEMA`.`TABLES` WHERE `TABLE_NAME` = 'hq_manager_hlv' AND `TABLE_SCHEMA` = DATABASE()
[Fri, 12 Aug 16 19:11:01 +0200][INFO] DESCRIBE `hq_manager_hlv`
[Fri, 12 Aug 16 19:11:01 +0200][INFO] SELECT `hq_manager_hlv`.`hlv_id`, `hq_manager_hlv`.`hlv_name`, `hq_manager_hlv`.`hlv_description`, `hq_manager_hlv`.`hlv_image_link` FROM `hq_manager_hlv`
[Fri, 12 Aug 16 19:11:08 +0200][INFO] SELECT IF(COUNT(*) > 0, 1, 0) FROM `INFORMATION_SCHEMA`.`TABLES` WHERE `TABLE_NAME` = 'hq_admin_role' AND `TABLE_SCHEMA` = DATABASE()
[Fri, 12 Aug 16 19:11:08 +0200][INFO] DESCRIBE `hq_admin_role`
[Fri, 12 Aug 16 19:11:08 +0200][INFO] SELECT `hq_admin_role`.`role_name` AS `role_name`, `hq_admin_role`.`role_ar_user` AS `role_ar_user` FROM `hq_admin_role`
[Fri, 12 Aug 16 19:11:08 +0200][INFO] SELECT IF(COUNT(*) > 0, 1, 0) FROM `INFORMATION_SCHEMA`.`TABLES` WHERE `TABLE_NAME` = 'hq_user' AND `TABLE_SCHEMA` = DATABASE()
[Fri, 12 Aug 16 19:11:08 +0200][INFO] DESCRIBE `hq_user`
[Fri, 12 Aug 16 19:11:08 +0200][INFO] SELECT DISTINCT (YEAR(`hq_user`.`created_at`)) AS `time` FROM `hq_user`
[Fri, 12 Aug 16 19:14:25 +0200][INFO] SELECT IF(COUNT(*) > 0, 1, 0) FROM `INFORMATION_SCHEMA`.`TABLES` WHERE `TABLE_NAME` = 'hq_admin_role' AND `TABLE_SCHEMA` = DATABASE()
[Fri, 12 Aug 16 19:14:25 +0200][INFO] DESCRIBE `hq_admin_role`
[Fri, 12 Aug 16 19:14:25 +0200][INFO] SELECT `hq_admin_role`.`role_name` AS `role_name`, `hq_admin_role`.`role_ar_user` AS `role_ar_user` FROM `hq_admin_role`
[Fri, 12 Aug 16 19:14:25 +0200][INFO] SELECT IF(COUNT(*) > 0, 1, 0) FROM `INFORMATION_SCHEMA`.`TABLES` WHERE `TABLE_NAME` = 'hq_manager_hlv' AND `TABLE_SCHEMA` = DATABASE()
[Fri, 12 Aug 16 19:14:25 +0200][INFO] DESCRIBE `hq_manager_hlv`
[Fri, 12 Aug 16 19:14:25 +0200][INFO] SELECT `hq_manager_hlv`.`hlv_id`, `hq_manager_hlv`.`hlv_name`, `hq_manager_hlv`.`hlv_description`, `hq_manager_hlv`.`hlv_image_link` FROM `hq_manager_hlv`
[Fri, 12 Aug 16 19:15:31 +0200][INFO] SELECT IF(COUNT(*) > 0, 1, 0) FROM `INFORMATION_SCHEMA`.`TABLES` WHERE `TABLE_NAME` = 'hq_admin_role' AND `TABLE_SCHEMA` = DATABASE()
[Fri, 12 Aug 16 19:15:31 +0200][INFO] DESCRIBE `hq_admin_role`
[Fri, 12 Aug 16 19:15:31 +0200][INFO] SELECT `hq_admin_role`.`role_name` AS `role_name`, `hq_admin_role`.`role_ar_user` AS `role_ar_user` FROM `hq_admin_role`
[Fri, 12 Aug 16 19:15:31 +0200][INFO] SELECT IF(COUNT(*) > 0, 1, 0) FROM `INFORMATION_SCHEMA`.`TABLES` WHERE `TABLE_NAME` = 'hq_manager_hlv' AND `TABLE_SCHEMA` = DATABASE()
[Fri, 12 Aug 16 19:15:31 +0200][INFO] DESCRIBE `hq_manager_hlv`
[Fri, 12 Aug 16 19:15:31 +0200][INFO] SELECT `hq_manager_hlv`.`hlv_id`, `hq_manager_hlv`.`hlv_name`, `hq_manager_hlv`.`hlv_description`, `hq_manager_hlv`.`hlv_image_link` FROM `hq_manager_hlv`
