[Mon, 15 Aug 16 21:13:34 +0700][INFO] SELECT IF(COUNT(*) > 0, 1, 0) FROM `INFORMATION_SCHEMA`.`TABLES` WHERE `TABLE_NAME` = 'hq_menu' AND `TABLE_SCHEMA` = DATABASE()
[Mon, 15 Aug 16 21:13:34 +0700][INFO] DESCRIBE `hq_menu`
[Mon, 15 Aug 16 21:13:34 +0700][INFO] SELECT `hq_menu`.`mn_id`, `hq_menu`.`mn_parent_id`, `hq_menu`.`mn_name`, `hq_menu`.`mn_link`, `hq_menu`.`mn_sort`, `hq_menu`.`mn_status`, `hq_menu`.`created_at`, `hq_menu`.`update_at` FROM `hq_menu` WHERE `hq_menu`.`mn_parent_id` = 0 AND `hq_menu`.`mn_status` = 1 ORDER BY `hq_menu`.`mn_sort` ASC
[Mon, 15 Aug 16 21:13:34 +0700][INFO] SELECT IF(COUNT(*) > 0, 1, 0) FROM `INFORMATION_SCHEMA`.`TABLES` WHERE `TABLE_NAME` = 'hq_infomation' AND `TABLE_SCHEMA` = DATABASE()
[Mon, 15 Aug 16 21:13:34 +0700][INFO] DESCRIBE `hq_infomation`
[Mon, 15 Aug 16 21:13:34 +0700][INFO] SELECT `hq_infomation`.`inf_id`, `hq_infomation`.`inf_name`, `hq_infomation`.`inf_address`, `hq_infomation`.`inf_phone`, `hq_infomation`.`inf_mail`, `hq_infomation`.`inf_open_time` FROM `hq_infomation` LIMIT :APL0
[Mon, 15 Aug 16 21:13:34 +0700][INFO] SELECT IF(COUNT(*) > 0, 1, 0) FROM `INFORMATION_SCHEMA`.`TABLES` WHERE `TABLE_NAME` = 'hq_orther_page' AND `TABLE_SCHEMA` = DATABASE()
[Mon, 15 Aug 16 21:13:34 +0700][INFO] DESCRIBE `hq_orther_page`
[Mon, 15 Aug 16 21:13:34 +0700][INFO] SELECT `hq_orther_page`.`p_id`, `hq_orther_page`.`p_name`, `hq_orther_page`.`p_short_description`, `hq_orther_page`.`p_description`, `hq_orther_page`.`p_seo_link`, `hq_orther_page`.`p_image_link`, `hq_orther_page`.`p_status`, `hq_orther_page`.`update_at`, `hq_orther_page`.`created_at` FROM `hq_orther_page` WHERE `hq_orther_page`.`p_status` = 1
[Mon, 15 Aug 16 21:14:02 +0700][INFO] SELECT IF(COUNT(*) > 0, 1, 0) FROM `INFORMATION_SCHEMA`.`TABLES` WHERE `TABLE_NAME` = 'hq_admin_role' AND `TABLE_SCHEMA` = DATABASE()
[Mon, 15 Aug 16 21:14:02 +0700][INFO] DESCRIBE `hq_admin_role`
[Mon, 15 Aug 16 21:14:02 +0700][INFO] SELECT `hq_admin_role`.`role_name` AS `role_name`, `hq_admin_role`.`role_ar_user` AS `role_ar_user` FROM `hq_admin_role`
[Mon, 15 Aug 16 21:14:11 +0700][INFO] SELECT IF(COUNT(*) > 0, 1, 0) FROM `INFORMATION_SCHEMA`.`TABLES` WHERE `TABLE_NAME` = 'hq_admin_role' AND `TABLE_SCHEMA` = DATABASE()
[Mon, 15 Aug 16 21:14:11 +0700][INFO] DESCRIBE `hq_admin_role`
[Mon, 15 Aug 16 21:14:11 +0700][INFO] SELECT `hq_admin_role`.`role_name` AS `role_name`, `hq_admin_role`.`role_ar_user` AS `role_ar_user` FROM `hq_admin_role`
[Mon, 15 Aug 16 21:14:11 +0700][INFO] SELECT IF(COUNT(*) > 0, 1, 0) FROM `INFORMATION_SCHEMA`.`TABLES` WHERE `TABLE_NAME` = 'hq_user_admin' AND `TABLE_SCHEMA` = DATABASE()
[Mon, 15 Aug 16 21:14:11 +0700][INFO] DESCRIBE `hq_user_admin`
[Mon, 15 Aug 16 21:14:11 +0700][INFO] SELECT `hq_user_admin`.`usa_id`, `hq_user_admin`.`usa_username`, `hq_user_admin`.`usa_email`, `hq_user_admin`.`usa_password`, `hq_user_admin`.`usa_last_login`, `hq_user_admin`.`usa_create_date` FROM `hq_user_admin` WHERE `hq_user_admin`.`usa_username` = :userEmail AND `hq_user_admin`.`usa_password` = :userPassword LIMIT :APL0
[Mon, 15 Aug 16 21:14:11 +0700][INFO] UPDATE `hq_user_admin` SET `usa_username` = ?, `usa_email` = ?, `usa_password` = ?, `usa_last_login` = ?, `usa_create_date` = ? WHERE `usa_id` = ?
[Mon, 15 Aug 16 21:14:11 +0700][INFO] SELECT IF(COUNT(*) > 0, 1, 0) FROM `INFORMATION_SCHEMA`.`TABLES` WHERE `TABLE_NAME` = 'hq_menu' AND `TABLE_SCHEMA` = DATABASE()
[Mon, 15 Aug 16 21:14:11 +0700][INFO] DESCRIBE `hq_menu`
[Mon, 15 Aug 16 21:14:11 +0700][INFO] SELECT `hq_menu`.`mn_id`, `hq_menu`.`mn_parent_id`, `hq_menu`.`mn_name`, `hq_menu`.`mn_link`, `hq_menu`.`mn_sort`, `hq_menu`.`mn_status`, `hq_menu`.`created_at`, `hq_menu`.`update_at` FROM `hq_menu` WHERE `hq_menu`.`mn_parent_id` = 0 AND `hq_menu`.`mn_status` = 1 ORDER BY `hq_menu`.`mn_sort` ASC
[Mon, 15 Aug 16 21:14:11 +0700][INFO] SELECT IF(COUNT(*) > 0, 1, 0) FROM `INFORMATION_SCHEMA`.`TABLES` WHERE `TABLE_NAME` = 'hq_infomation' AND `TABLE_SCHEMA` = DATABASE()
[Mon, 15 Aug 16 21:14:11 +0700][INFO] DESCRIBE `hq_infomation`
[Mon, 15 Aug 16 21:14:11 +0700][INFO] SELECT `hq_infomation`.`inf_id`, `hq_infomation`.`inf_name`, `hq_infomation`.`inf_address`, `hq_infomation`.`inf_phone`, `hq_infomation`.`inf_mail`, `hq_infomation`.`inf_open_time` FROM `hq_infomation` LIMIT :APL0
[Mon, 15 Aug 16 21:14:11 +0700][INFO] SELECT IF(COUNT(*) > 0, 1, 0) FROM `INFORMATION_SCHEMA`.`TABLES` WHERE `TABLE_NAME` = 'hq_orther_page' AND `TABLE_SCHEMA` = DATABASE()
[Mon, 15 Aug 16 21:14:11 +0700][INFO] DESCRIBE `hq_orther_page`
[Mon, 15 Aug 16 21:14:11 +0700][INFO] SELECT `hq_orther_page`.`p_id`, `hq_orther_page`.`p_name`, `hq_orther_page`.`p_short_description`, `hq_orther_page`.`p_description`, `hq_orther_page`.`p_seo_link`, `hq_orther_page`.`p_image_link`, `hq_orther_page`.`p_status`, `hq_orther_page`.`update_at`, `hq_orther_page`.`created_at` FROM `hq_orther_page` WHERE `hq_orther_page`.`p_status` = 1
[Mon, 15 Aug 16 21:14:11 +0700][INFO] SELECT IF(COUNT(*) > 0, 1, 0) FROM `INFORMATION_SCHEMA`.`TABLES` WHERE `TABLE_NAME` = 'hq_menu' AND `TABLE_SCHEMA` = DATABASE()
[Mon, 15 Aug 16 21:14:11 +0700][INFO] DESCRIBE `hq_menu`
[Mon, 15 Aug 16 21:14:11 +0700][INFO] SELECT `hq_menu`.`mn_id`, `hq_menu`.`mn_parent_id`, `hq_menu`.`mn_name`, `hq_menu`.`mn_link`, `hq_menu`.`mn_sort`, `hq_menu`.`mn_status`, `hq_menu`.`created_at`, `hq_menu`.`update_at` FROM `hq_menu` WHERE `hq_menu`.`mn_parent_id` = 0 AND `hq_menu`.`mn_status` = 1 ORDER BY `hq_menu`.`mn_sort` ASC
[Mon, 15 Aug 16 21:14:11 +0700][INFO] SELECT IF(COUNT(*) > 0, 1, 0) FROM `INFORMATION_SCHEMA`.`TABLES` WHERE `TABLE_NAME` = 'hq_infomation' AND `TABLE_SCHEMA` = DATABASE()
[Mon, 15 Aug 16 21:14:11 +0700][INFO] DESCRIBE `hq_infomation`
[Mon, 15 Aug 16 21:14:11 +0700][INFO] SELECT `hq_infomation`.`inf_id`, `hq_infomation`.`inf_name`, `hq_infomation`.`inf_address`, `hq_infomation`.`inf_phone`, `hq_infomation`.`inf_mail`, `hq_infomation`.`inf_open_time` FROM `hq_infomation` LIMIT :APL0
[Mon, 15 Aug 16 21:14:11 +0700][INFO] SELECT IF(COUNT(*) > 0, 1, 0) FROM `INFORMATION_SCHEMA`.`TABLES` WHERE `TABLE_NAME` = 'hq_orther_page' AND `TABLE_SCHEMA` = DATABASE()
[Mon, 15 Aug 16 21:14:11 +0700][INFO] DESCRIBE `hq_orther_page`
[Mon, 15 Aug 16 21:14:11 +0700][INFO] SELECT `hq_orther_page`.`p_id`, `hq_orther_page`.`p_name`, `hq_orther_page`.`p_short_description`, `hq_orther_page`.`p_description`, `hq_orther_page`.`p_seo_link`, `hq_orther_page`.`p_image_link`, `hq_orther_page`.`p_status`, `hq_orther_page`.`update_at`, `hq_orther_page`.`created_at` FROM `hq_orther_page` WHERE `hq_orther_page`.`p_status` = 1
[Mon, 15 Aug 16 21:14:11 +0700][INFO] SELECT IF(COUNT(*) > 0, 1, 0) FROM `INFORMATION_SCHEMA`.`TABLES` WHERE `TABLE_NAME` = 'hq_menu' AND `TABLE_SCHEMA` = DATABASE()
[Mon, 15 Aug 16 21:14:11 +0700][INFO] DESCRIBE `hq_menu`
[Mon, 15 Aug 16 21:14:11 +0700][INFO] SELECT `hq_menu`.`mn_id`, `hq_menu`.`mn_parent_id`, `hq_menu`.`mn_name`, `hq_menu`.`mn_link`, `hq_menu`.`mn_sort`, `hq_menu`.`mn_status`, `hq_menu`.`created_at`, `hq_menu`.`update_at` FROM `hq_menu` WHERE `hq_menu`.`mn_parent_id` = 0 AND `hq_menu`.`mn_status` = 1 ORDER BY `hq_menu`.`mn_sort` ASC
[Mon, 15 Aug 16 21:14:11 +0700][INFO] SELECT IF(COUNT(*) > 0, 1, 0) FROM `INFORMATION_SCHEMA`.`TABLES` WHERE `TABLE_NAME` = 'hq_infomation' AND `TABLE_SCHEMA` = DATABASE()
[Mon, 15 Aug 16 21:14:11 +0700][INFO] DESCRIBE `hq_infomation`
[Mon, 15 Aug 16 21:14:11 +0700][INFO] SELECT `hq_infomation`.`inf_id`, `hq_infomation`.`inf_name`, `hq_infomation`.`inf_address`, `hq_infomation`.`inf_phone`, `hq_infomation`.`inf_mail`, `hq_infomation`.`inf_open_time` FROM `hq_infomation` LIMIT :APL0
[Mon, 15 Aug 16 21:14:11 +0700][INFO] SELECT IF(COUNT(*) > 0, 1, 0) FROM `INFORMATION_SCHEMA`.`TABLES` WHERE `TABLE_NAME` = 'hq_orther_page' AND `TABLE_SCHEMA` = DATABASE()
[Mon, 15 Aug 16 21:14:11 +0700][INFO] DESCRIBE `hq_orther_page`
[Mon, 15 Aug 16 21:14:11 +0700][INFO] SELECT `hq_orther_page`.`p_id`, `hq_orther_page`.`p_name`, `hq_orther_page`.`p_short_description`, `hq_orther_page`.`p_description`, `hq_orther_page`.`p_seo_link`, `hq_orther_page`.`p_image_link`, `hq_orther_page`.`p_status`, `hq_orther_page`.`update_at`, `hq_orther_page`.`created_at` FROM `hq_orther_page` WHERE `hq_orther_page`.`p_status` = 1
[Mon, 15 Aug 16 21:14:13 +0700][INFO] SELECT IF(COUNT(*) > 0, 1, 0) FROM `INFORMATION_SCHEMA`.`TABLES` WHERE `TABLE_NAME` = 'hq_admin_role' AND `TABLE_SCHEMA` = DATABASE()
[Mon, 15 Aug 16 21:14:13 +0700][INFO] DESCRIBE `hq_admin_role`
[Mon, 15 Aug 16 21:14:13 +0700][INFO] SELECT `hq_admin_role`.`role_name` AS `role_name`, `hq_admin_role`.`role_ar_user` AS `role_ar_user` FROM `hq_admin_role`
[Mon, 15 Aug 16 21:14:13 +0700][INFO] SELECT IF(COUNT(*) > 0, 1, 0) FROM `INFORMATION_SCHEMA`.`TABLES` WHERE `TABLE_NAME` = 'hq_user' AND `TABLE_SCHEMA` = DATABASE()
[Mon, 15 Aug 16 21:14:13 +0700][INFO] DESCRIBE `hq_user`
[Mon, 15 Aug 16 21:14:13 +0700][INFO] SELECT DISTINCT (YEAR(`hq_user`.`created_at`)) AS `time` FROM `hq_user`
[Mon, 15 Aug 16 21:14:14 +0700][INFO] SELECT IF(COUNT(*) > 0, 1, 0) FROM `INFORMATION_SCHEMA`.`TABLES` WHERE `TABLE_NAME` = 'hq_admin_role' AND `TABLE_SCHEMA` = DATABASE()
[Mon, 15 Aug 16 21:14:14 +0700][INFO] DESCRIBE `hq_admin_role`
[Mon, 15 Aug 16 21:14:14 +0700][INFO] SELECT `hq_admin_role`.`role_name` AS `role_name`, `hq_admin_role`.`role_ar_user` AS `role_ar_user` FROM `hq_admin_role`
[Mon, 15 Aug 16 21:14:14 +0700][INFO] SELECT IF(COUNT(*) > 0, 1, 0) FROM `INFORMATION_SCHEMA`.`TABLES` WHERE `TABLE_NAME` = 'hq_user' AND `TABLE_SCHEMA` = DATABASE()
[Mon, 15 Aug 16 21:14:14 +0700][INFO] DESCRIBE `hq_user`
[Mon, 15 Aug 16 21:14:14 +0700][INFO] SELECT count(`hq_user`.`us_id`) AS `value`, date(`hq_user`.`created_at`) AS `time` FROM `hq_user` WHERE YEAR(`hq_user`.`created_at`) = '2016' AND MONTH(`hq_user`.`created_at`) = '8' GROUP BY date(`hq_user`.`created_at`)
[Mon, 15 Aug 16 21:14:14 +0700][INFO] SELECT IF(COUNT(*) > 0, 1, 0) FROM `INFORMATION_SCHEMA`.`TABLES` WHERE `TABLE_NAME` = 'hq_admin_role' AND `TABLE_SCHEMA` = DATABASE()
[Mon, 15 Aug 16 21:14:14 +0700][INFO] DESCRIBE `hq_admin_role`
[Mon, 15 Aug 16 21:14:14 +0700][INFO] SELECT `hq_admin_role`.`role_name` AS `role_name`, `hq_admin_role`.`role_ar_user` AS `role_ar_user` FROM `hq_admin_role`
[Mon, 15 Aug 16 21:14:14 +0700][INFO] SELECT IF(COUNT(*) > 0, 1, 0) FROM `INFORMATION_SCHEMA`.`TABLES` WHERE `TABLE_NAME` = 'hq_user' AND `TABLE_SCHEMA` = DATABASE()
[Mon, 15 Aug 16 21:14:14 +0700][INFO] DESCRIBE `hq_user`
[Mon, 15 Aug 16 21:14:14 +0700][INFO] SELECT `hq_user`.`us_id`, `hq_user`.`us_name`, `hq_user`.`us_email`, `hq_user`.`us_password`, `hq_user`.`us_full_name`, `hq_user`.`us_phone`, `hq_user`.`us_address`, `hq_user`.`zd_id`, `hq_user`.`zp_id`, `hq_user`.`us_birthday`, `hq_user`.`us_gender`, `hq_user`.`us_from`, `hq_user`.`us_expired_time`, `hq_user`.`us_social`, `hq_user`.`us_social_id`, `hq_user`.`us_newsletter`, `hq_user`.`us_status`, `hq_user`.`created_at`, `hq_user`.`update_at` FROM `hq_user` WHERE date(`hq_user`.`created_at`) = '2016-08-15'
[Mon, 15 Aug 16 21:14:44 +0700][INFO] SELECT IF(COUNT(*) > 0, 1, 0) FROM `INFORMATION_SCHEMA`.`TABLES` WHERE `TABLE_NAME` = 'hq_admin_role' AND `TABLE_SCHEMA` = DATABASE()
[Mon, 15 Aug 16 21:14:44 +0700][INFO] DESCRIBE `hq_admin_role`
[Mon, 15 Aug 16 21:14:44 +0700][INFO] SELECT `hq_admin_role`.`role_name` AS `role_name`, `hq_admin_role`.`role_ar_user` AS `role_ar_user` FROM `hq_admin_role`
[Mon, 15 Aug 16 21:14:44 +0700][INFO] SELECT IF(COUNT(*) > 0, 1, 0) FROM `INFORMATION_SCHEMA`.`TABLES` WHERE `TABLE_NAME` = 'hq_user' AND `TABLE_SCHEMA` = DATABASE()
[Mon, 15 Aug 16 21:14:44 +0700][INFO] DESCRIBE `hq_user`
[Mon, 15 Aug 16 21:14:44 +0700][INFO] SELECT `hq_user`.`us_id`, `hq_user`.`us_name`, `hq_user`.`us_email`, `hq_user`.`us_password`, `hq_user`.`us_full_name`, `hq_user`.`us_phone`, `hq_user`.`us_address`, `hq_user`.`zd_id`, `hq_user`.`zp_id`, `hq_user`.`us_birthday`, `hq_user`.`us_gender`, `hq_user`.`us_from`, `hq_user`.`us_expired_time`, `hq_user`.`us_social`, `hq_user`.`us_social_id`, `hq_user`.`us_newsletter`, `hq_user`.`us_status`, `hq_user`.`created_at`, `hq_user`.`update_at` FROM `hq_user` WHERE date(`hq_user`.`created_at`) = '2016-08-15'
[Mon, 15 Aug 16 21:14:45 +0700][INFO] SELECT IF(COUNT(*) > 0, 1, 0) FROM `INFORMATION_SCHEMA`.`TABLES` WHERE `TABLE_NAME` = 'hq_menu' AND `TABLE_SCHEMA` = DATABASE()
[Mon, 15 Aug 16 21:14:45 +0700][INFO] DESCRIBE `hq_menu`
[Mon, 15 Aug 16 21:14:45 +0700][INFO] SELECT `hq_menu`.`mn_id`, `hq_menu`.`mn_parent_id`, `hq_menu`.`mn_name`, `hq_menu`.`mn_link`, `hq_menu`.`mn_sort`, `hq_menu`.`mn_status`, `hq_menu`.`created_at`, `hq_menu`.`update_at` FROM `hq_menu` WHERE `hq_menu`.`mn_parent_id` = 0 AND `hq_menu`.`mn_status` = 1 ORDER BY `hq_menu`.`mn_sort` ASC
[Mon, 15 Aug 16 21:14:45 +0700][INFO] SELECT IF(COUNT(*) > 0, 1, 0) FROM `INFORMATION_SCHEMA`.`TABLES` WHERE `TABLE_NAME` = 'hq_infomation' AND `TABLE_SCHEMA` = DATABASE()
[Mon, 15 Aug 16 21:14:45 +0700][INFO] DESCRIBE `hq_infomation`
[Mon, 15 Aug 16 21:14:45 +0700][INFO] SELECT `hq_infomation`.`inf_id`, `hq_infomation`.`inf_name`, `hq_infomation`.`inf_address`, `hq_infomation`.`inf_phone`, `hq_infomation`.`inf_mail`, `hq_infomation`.`inf_open_time` FROM `hq_infomation` LIMIT :APL0
[Mon, 15 Aug 16 21:14:45 +0700][INFO] SELECT IF(COUNT(*) > 0, 1, 0) FROM `INFORMATION_SCHEMA`.`TABLES` WHERE `TABLE_NAME` = 'hq_orther_page' AND `TABLE_SCHEMA` = DATABASE()
[Mon, 15 Aug 16 21:14:45 +0700][INFO] DESCRIBE `hq_orther_page`
[Mon, 15 Aug 16 21:14:45 +0700][INFO] SELECT `hq_orther_page`.`p_id`, `hq_orther_page`.`p_name`, `hq_orther_page`.`p_short_description`, `hq_orther_page`.`p_description`, `hq_orther_page`.`p_seo_link`, `hq_orther_page`.`p_image_link`, `hq_orther_page`.`p_status`, `hq_orther_page`.`update_at`, `hq_orther_page`.`created_at` FROM `hq_orther_page` WHERE `hq_orther_page`.`p_status` = 1
