[Mon, 04 Jul 16 16:14:11 +0200][INFO] SELECT IF(COUNT(*) > 0, 1, 0) FROM `INFORMATION_SCHEMA`.`TABLES` WHERE `TABLE_NAME` = 'hq_menu' AND `TABLE_SCHEMA` = DATABASE()
[Mon, 04 Jul 16 16:14:11 +0200][INFO] DESCRIBE `hq_menu`
[Mon, 04 Jul 16 16:14:11 +0200][INFO] SELECT `hq_menu`.`mn_id`, `hq_menu`.`mn_parent_id`, `hq_menu`.`mn_name`, `hq_menu`.`mn_link`, `hq_menu`.`mn_sort`, `hq_menu`.`mn_status`, `hq_menu`.`created_at`, `hq_menu`.`update_at` FROM `hq_menu` WHERE `hq_menu`.`mn_parent_id` = 0 AND `hq_menu`.`mn_status` = 1 ORDER BY `hq_menu`.`mn_sort` ASC
[Mon, 04 Jul 16 16:14:11 +0200][INFO] SELECT IF(COUNT(*) > 0, 1, 0) FROM `INFORMATION_SCHEMA`.`TABLES` WHERE `TABLE_NAME` = 'hq_manufacturer' AND `TABLE_SCHEMA` = DATABASE()
[Mon, 04 Jul 16 16:14:11 +0200][INFO] DESCRIBE `hq_manufacturer`
[Mon, 04 Jul 16 16:14:11 +0200][INFO] SELECT `hq_manufacturer`.`ma_id`, `hq_manufacturer`.`ma_name`, `hq_manufacturer`.`ma_description`, `hq_manufacturer`.`created_at`, `hq_manufacturer`.`update_at` FROM `hq_manufacturer`
[Mon, 04 Jul 16 16:14:11 +0200][INFO] SELECT IF(COUNT(*) > 0, 1, 0) FROM `INFORMATION_SCHEMA`.`TABLES` WHERE `TABLE_NAME` = 'hq_infomation' AND `TABLE_SCHEMA` = DATABASE()
[Mon, 04 Jul 16 16:14:11 +0200][INFO] DESCRIBE `hq_infomation`
[Mon, 04 Jul 16 16:14:11 +0200][INFO] SELECT `hq_infomation`.`inf_id`, `hq_infomation`.`inf_name`, `hq_infomation`.`inf_address`, `hq_infomation`.`inf_phone`, `hq_infomation`.`inf_mail`, `hq_infomation`.`inf_open_time` FROM `hq_infomation` LIMIT :APL0
[Mon, 04 Jul 16 16:14:11 +0200][INFO] SELECT IF(COUNT(*) > 0, 1, 0) FROM `INFORMATION_SCHEMA`.`TABLES` WHERE `TABLE_NAME` = 'hq_orther_page' AND `TABLE_SCHEMA` = DATABASE()
[Mon, 04 Jul 16 16:14:11 +0200][INFO] DESCRIBE `hq_orther_page`
[Mon, 04 Jul 16 16:14:11 +0200][INFO] SELECT `hq_orther_page`.`p_id`, `hq_orther_page`.`p_name`, `hq_orther_page`.`p_short_description`, `hq_orther_page`.`p_description`, `hq_orther_page`.`p_seo_link`, `hq_orther_page`.`p_image_link`, `hq_orther_page`.`p_status`, `hq_orther_page`.`update_at`, `hq_orther_page`.`created_at` FROM `hq_orther_page` WHERE `hq_orther_page`.`p_status` = 1
[Mon, 04 Jul 16 16:14:11 +0200][INFO] SELECT IF(COUNT(*) > 0, 1, 0) FROM `INFORMATION_SCHEMA`.`TABLES` WHERE `TABLE_NAME` = 'hq_category' AND `TABLE_SCHEMA` = DATABASE()
[Mon, 04 Jul 16 16:14:11 +0200][INFO] DESCRIBE `hq_category`
[Mon, 04 Jul 16 16:14:11 +0200][INFO] SELECT `hq_category`.`ct_id`, `hq_category`.`ma_id`, `hq_category`.`ct_name`, `hq_category`.`ct_parent_id`, `hq_category`.`ct_image`, `hq_category`.`ct_description`, `hq_category`.`ct_sort`, `hq_category`.`ct_seo_link`, `hq_category`.`ct_status` FROM `hq_category` WHERE `hq_category`.`ct_seo_link` = 'ao-so-mi-nu' LIMIT :APL0
[Mon, 04 Jul 16 16:14:11 +0200][INFO] SELECT `hq_category`.`ct_id`, `hq_category`.`ma_id`, `hq_category`.`ct_name`, `hq_category`.`ct_parent_id`, `hq_category`.`ct_image`, `hq_category`.`ct_description`, `hq_category`.`ct_sort`, `hq_category`.`ct_seo_link`, `hq_category`.`ct_status` FROM `hq_category` WHERE `hq_category`.`ct_parent_id` = '77'
[Mon, 04 Jul 16 16:14:11 +0200][INFO] SELECT IF(COUNT(*) > 0, 1, 0) FROM `INFORMATION_SCHEMA`.`TABLES` WHERE `TABLE_NAME` = 'hq_product' AND `TABLE_SCHEMA` = DATABASE()
[Mon, 04 Jul 16 16:14:11 +0200][INFO] DESCRIBE `hq_product`
[Mon, 04 Jul 16 16:14:11 +0200][INFO] SELECT `hq_product`.`pr_id`, `hq_product`.`pr_public_id`, `hq_product`.`ct_id`, `hq_product`.`pr_name`, `hq_product`.`pr_decription`, `hq_product`.`pr_price`, `hq_product`.`pr_price_promotion`, `hq_product`.`pr_date_sale_from`, `hq_product`.`pr_date_sale_to`, `hq_product`.`pr_quantity`, `hq_product`.`pr_weight`, `hq_product`.`pr_seo_link`, `hq_product`.`pr_image_sizeguide`, `hq_product`.`pr_create_date`, `hq_product`.`product_status`, `hq_product`.`pr_status` FROM `hq_product` WHERE `hq_product`.`ct_id` IN (78, 79, 80, 81, 82, 83) ORDER BY `hq_product`.`pr_create_date` DESC
[Mon, 04 Jul 16 16:14:11 +0200][INFO] SELECT `hq_product`.`pr_id`, `hq_product`.`pr_public_id`, `hq_product`.`ct_id`, `hq_product`.`pr_name`, `hq_product`.`pr_decription`, `hq_product`.`pr_price`, `hq_product`.`pr_price_promotion`, `hq_product`.`pr_date_sale_from`, `hq_product`.`pr_date_sale_to`, `hq_product`.`pr_quantity`, `hq_product`.`pr_weight`, `hq_product`.`pr_seo_link`, `hq_product`.`pr_image_sizeguide`, `hq_product`.`pr_create_date`, `hq_product`.`product_status`, `hq_product`.`pr_status` FROM `hq_product` WHERE `hq_product`.`pr_price_promotion` <> 0 AND `hq_product`.`pr_status` = 1 AND `hq_product`.`pr_date_sale_from` <= '2016-07-04' AND '2016-07-04' <= `hq_product`.`pr_date_sale_to` ORDER BY RAND() LIMIT :APL0
[Mon, 04 Jul 16 16:14:11 +0200][INFO] SELECT IF(COUNT(*) > 0, 1, 0) FROM `INFORMATION_SCHEMA`.`TABLES` WHERE `TABLE_NAME` = 'hq_product_list_option' AND `TABLE_SCHEMA` = DATABASE()
[Mon, 04 Jul 16 16:14:11 +0200][INFO] DESCRIBE `hq_product_list_option`
[Mon, 04 Jul 16 16:14:11 +0200][INFO] SELECT `hq_product_list_option`.`plo_id`, `hq_product_list_option`.`po_id`, `hq_product_list_option`.`plo_name`, `hq_product_list_option`.`plo_detail`, `hq_product_list_option`.`plo_description` FROM `hq_product_list_option`
[Mon, 04 Jul 16 16:14:11 +0200][INFO] SELECT `hq_category`.`ct_id`, `hq_category`.`ma_id`, `hq_category`.`ct_name`, `hq_category`.`ct_parent_id`, `hq_category`.`ct_image`, `hq_category`.`ct_description`, `hq_category`.`ct_sort`, `hq_category`.`ct_seo_link`, `hq_category`.`ct_status` FROM `hq_category` WHERE `hq_category`.`ct_parent_id` = '77'
[Mon, 04 Jul 16 16:14:11 +0200][INFO] SELECT IF(COUNT(*) > 0, 1, 0) FROM `INFORMATION_SCHEMA`.`TABLES` WHERE `TABLE_NAME` = 'hq_product_avatar' AND `TABLE_SCHEMA` = DATABASE()
[Mon, 04 Jul 16 16:14:11 +0200][INFO] DESCRIBE `hq_product_avatar`
[Mon, 04 Jul 16 16:14:11 +0200][INFO] SELECT `hq_product_avatar`.`pa_id`, `hq_product_avatar`.`pr_id`, `hq_product_avatar`.`la_id`, `hq_product_avatar`.`pa_image_link`, `hq_product_avatar`.`pa_type` FROM `hq_product_avatar` WHERE (`hq_product_avatar`.`pr_id` = :APR0) AND `hq_product_avatar`.`pa_type` = 1
[Mon, 04 Jul 16 16:14:11 +0200][INFO] SELECT IF(COUNT(*) > 0, 1, 0) FROM `INFORMATION_SCHEMA`.`TABLES` WHERE `TABLE_NAME` = 'hq_product_price' AND `TABLE_SCHEMA` = DATABASE()
[Mon, 04 Jul 16 16:14:11 +0200][INFO] DESCRIBE `hq_product_price`
[Mon, 04 Jul 16 16:14:11 +0200][INFO] SELECT MIN(`hq_product_price`.`hqr_price`) AS `minimum` FROM `hq_product_price` WHERE `hq_product_price`.`pr_id` = '11'
[Mon, 04 Jul 16 16:14:11 +0200][INFO] SELECT IF(COUNT(*) > 0, 1, 0) FROM `INFORMATION_SCHEMA`.`TABLES` WHERE `TABLE_NAME` = 'hq_order_detail' AND `TABLE_SCHEMA` = DATABASE()
[Mon, 04 Jul 16 16:14:11 +0200][INFO] DESCRIBE `hq_order_detail`
[Mon, 04 Jul 16 16:14:11 +0200][INFO] SELECT SUM(`hq_order_detail`.`od_quantity`) AS `sumatory` FROM `hq_order_detail` WHERE `hq_order_detail`.`pr_id` = '11'
[Mon, 04 Jul 16 16:14:11 +0200][INFO] SELECT `hq_product_avatar`.`pa_id`, `hq_product_avatar`.`pr_id`, `hq_product_avatar`.`la_id`, `hq_product_avatar`.`pa_image_link`, `hq_product_avatar`.`pa_type` FROM `hq_product_avatar` WHERE (`hq_product_avatar`.`pr_id` = :APR0) AND `hq_product_avatar`.`pa_type` = 1
[Mon, 04 Jul 16 16:14:11 +0200][INFO] SELECT MIN(`hq_product_price`.`hqr_price`) AS `minimum` FROM `hq_product_price` WHERE `hq_product_price`.`pr_id` = '10'
[Mon, 04 Jul 16 16:14:11 +0200][INFO] SELECT SUM(`hq_order_detail`.`od_quantity`) AS `sumatory` FROM `hq_order_detail` WHERE `hq_order_detail`.`pr_id` = '10'
[Mon, 04 Jul 16 16:14:11 +0200][INFO] SELECT `hq_product_avatar`.`pa_id`, `hq_product_avatar`.`pr_id`, `hq_product_avatar`.`la_id`, `hq_product_avatar`.`pa_image_link`, `hq_product_avatar`.`pa_type` FROM `hq_product_avatar` WHERE (`hq_product_avatar`.`pr_id` = :APR0) AND `hq_product_avatar`.`pa_type` = 1
[Mon, 04 Jul 16 16:14:11 +0200][INFO] SELECT MIN(`hq_product_price`.`hqr_price`) AS `minimum` FROM `hq_product_price` WHERE `hq_product_price`.`pr_id` = '9'
[Mon, 04 Jul 16 16:14:11 +0200][INFO] SELECT SUM(`hq_order_detail`.`od_quantity`) AS `sumatory` FROM `hq_order_detail` WHERE `hq_order_detail`.`pr_id` = '9'
[Mon, 04 Jul 16 16:14:11 +0200][INFO] SELECT IF(COUNT(*) > 0, 1, 0) FROM `INFORMATION_SCHEMA`.`TABLES` WHERE `TABLE_NAME` = 'hq_product_option' AND `TABLE_SCHEMA` = DATABASE()
[Mon, 04 Jul 16 16:14:11 +0200][INFO] DESCRIBE `hq_product_option`
[Mon, 04 Jul 16 16:14:11 +0200][INFO] SELECT `hq_product_option`.`po_id`, `hq_product_option`.`po_name`, `hq_product_option`.`po_description` FROM `hq_product_option` WHERE `hq_product_option`.`po_id` = :APR0 LIMIT :APL0
[Mon, 04 Jul 16 16:14:11 +0200][INFO] SELECT `hq_product_option`.`po_id`, `hq_product_option`.`po_name`, `hq_product_option`.`po_description` FROM `hq_product_option` WHERE `hq_product_option`.`po_id` = :APR0 LIMIT :APL0
[Mon, 04 Jul 16 16:14:11 +0200][INFO] SELECT `hq_product_option`.`po_id`, `hq_product_option`.`po_name`, `hq_product_option`.`po_description` FROM `hq_product_option` WHERE `hq_product_option`.`po_id` = :APR0 LIMIT :APL0
[Mon, 04 Jul 16 16:14:11 +0200][INFO] SELECT `hq_product_option`.`po_id`, `hq_product_option`.`po_name`, `hq_product_option`.`po_description` FROM `hq_product_option` WHERE `hq_product_option`.`po_id` = :APR0 LIMIT :APL0
[Mon, 04 Jul 16 16:14:11 +0200][INFO] SELECT `hq_product_option`.`po_id`, `hq_product_option`.`po_name`, `hq_product_option`.`po_description` FROM `hq_product_option` WHERE `hq_product_option`.`po_id` = :APR0 LIMIT :APL0
[Mon, 04 Jul 16 16:14:11 +0200][INFO] SELECT `hq_product_option`.`po_id`, `hq_product_option`.`po_name`, `hq_product_option`.`po_description` FROM `hq_product_option` WHERE `hq_product_option`.`po_id` = :APR0 LIMIT :APL0
[Mon, 04 Jul 16 16:14:11 +0200][INFO] SELECT `hq_product_option`.`po_id`, `hq_product_option`.`po_name`, `hq_product_option`.`po_description` FROM `hq_product_option` WHERE `hq_product_option`.`po_id` = :APR0 LIMIT :APL0
[Mon, 04 Jul 16 16:14:11 +0200][INFO] SELECT `hq_product_option`.`po_id`, `hq_product_option`.`po_name`, `hq_product_option`.`po_description` FROM `hq_product_option` WHERE `hq_product_option`.`po_id` = :APR0 LIMIT :APL0
[Mon, 04 Jul 16 16:14:11 +0200][INFO] SELECT `hq_product_option`.`po_id`, `hq_product_option`.`po_name`, `hq_product_option`.`po_description` FROM `hq_product_option` WHERE `hq_product_option`.`po_id` = :APR0 LIMIT :APL0
[Mon, 04 Jul 16 16:14:11 +0200][INFO] SELECT `hq_product_option`.`po_id`, `hq_product_option`.`po_name`, `hq_product_option`.`po_description` FROM `hq_product_option` WHERE `hq_product_option`.`po_id` = :APR0 LIMIT :APL0
[Mon, 04 Jul 16 16:14:11 +0200][INFO] SELECT `hq_product_option`.`po_id`, `hq_product_option`.`po_name`, `hq_product_option`.`po_description` FROM `hq_product_option` WHERE `hq_product_option`.`po_id` = :APR0 LIMIT :APL0
[Mon, 04 Jul 16 16:14:11 +0200][INFO] SELECT `hq_product`.`pr_id`, `hq_product`.`pr_public_id`, `hq_product`.`ct_id`, `hq_product`.`pr_name`, `hq_product`.`pr_decription`, `hq_product`.`pr_price`, `hq_product`.`pr_price_promotion`, `hq_product`.`pr_date_sale_from`, `hq_product`.`pr_date_sale_to`, `hq_product`.`pr_quantity`, `hq_product`.`pr_weight`, `hq_product`.`pr_seo_link`, `hq_product`.`pr_image_sizeguide`, `hq_product`.`pr_create_date`, `hq_product`.`product_status`, `hq_product`.`pr_status` FROM `hq_product` WHERE `hq_product`.`ct_id` = :APR0
[Mon, 04 Jul 16 16:14:11 +0200][INFO] SELECT `hq_product`.`pr_id`, `hq_product`.`pr_public_id`, `hq_product`.`ct_id`, `hq_product`.`pr_name`, `hq_product`.`pr_decription`, `hq_product`.`pr_price`, `hq_product`.`pr_price_promotion`, `hq_product`.`pr_date_sale_from`, `hq_product`.`pr_date_sale_to`, `hq_product`.`pr_quantity`, `hq_product`.`pr_weight`, `hq_product`.`pr_seo_link`, `hq_product`.`pr_image_sizeguide`, `hq_product`.`pr_create_date`, `hq_product`.`product_status`, `hq_product`.`pr_status` FROM `hq_product` WHERE `hq_product`.`ct_id` = :APR0
[Mon, 04 Jul 16 16:14:11 +0200][INFO] SELECT `hq_product`.`pr_id`, `hq_product`.`pr_public_id`, `hq_product`.`ct_id`, `hq_product`.`pr_name`, `hq_product`.`pr_decription`, `hq_product`.`pr_price`, `hq_product`.`pr_price_promotion`, `hq_product`.`pr_date_sale_from`, `hq_product`.`pr_date_sale_to`, `hq_product`.`pr_quantity`, `hq_product`.`pr_weight`, `hq_product`.`pr_seo_link`, `hq_product`.`pr_image_sizeguide`, `hq_product`.`pr_create_date`, `hq_product`.`product_status`, `hq_product`.`pr_status` FROM `hq_product` WHERE `hq_product`.`ct_id` = :APR0
[Mon, 04 Jul 16 16:14:11 +0200][INFO] SELECT `hq_product`.`pr_id`, `hq_product`.`pr_public_id`, `hq_product`.`ct_id`, `hq_product`.`pr_name`, `hq_product`.`pr_decription`, `hq_product`.`pr_price`, `hq_product`.`pr_price_promotion`, `hq_product`.`pr_date_sale_from`, `hq_product`.`pr_date_sale_to`, `hq_product`.`pr_quantity`, `hq_product`.`pr_weight`, `hq_product`.`pr_seo_link`, `hq_product`.`pr_image_sizeguide`, `hq_product`.`pr_create_date`, `hq_product`.`product_status`, `hq_product`.`pr_status` FROM `hq_product` WHERE `hq_product`.`ct_id` = :APR0
[Mon, 04 Jul 16 16:14:11 +0200][INFO] SELECT `hq_product`.`pr_id`, `hq_product`.`pr_public_id`, `hq_product`.`ct_id`, `hq_product`.`pr_name`, `hq_product`.`pr_decription`, `hq_product`.`pr_price`, `hq_product`.`pr_price_promotion`, `hq_product`.`pr_date_sale_from`, `hq_product`.`pr_date_sale_to`, `hq_product`.`pr_quantity`, `hq_product`.`pr_weight`, `hq_product`.`pr_seo_link`, `hq_product`.`pr_image_sizeguide`, `hq_product`.`pr_create_date`, `hq_product`.`product_status`, `hq_product`.`pr_status` FROM `hq_product` WHERE `hq_product`.`ct_id` = :APR0
[Mon, 04 Jul 16 16:14:11 +0200][INFO] SELECT `hq_product`.`pr_id`, `hq_product`.`pr_public_id`, `hq_product`.`ct_id`, `hq_product`.`pr_name`, `hq_product`.`pr_decription`, `hq_product`.`pr_price`, `hq_product`.`pr_price_promotion`, `hq_product`.`pr_date_sale_from`, `hq_product`.`pr_date_sale_to`, `hq_product`.`pr_quantity`, `hq_product`.`pr_weight`, `hq_product`.`pr_seo_link`, `hq_product`.`pr_image_sizeguide`, `hq_product`.`pr_create_date`, `hq_product`.`product_status`, `hq_product`.`pr_status` FROM `hq_product` WHERE `hq_product`.`ct_id` = :APR0
[Mon, 04 Jul 16 16:14:11 +0200][INFO] SELECT `hq_product`.`pr_id`, `hq_product`.`pr_public_id`, `hq_product`.`ct_id`, `hq_product`.`pr_name`, `hq_product`.`pr_decription`, `hq_product`.`pr_price`, `hq_product`.`pr_price_promotion`, `hq_product`.`pr_date_sale_from`, `hq_product`.`pr_date_sale_to`, `hq_product`.`pr_quantity`, `hq_product`.`pr_weight`, `hq_product`.`pr_seo_link`, `hq_product`.`pr_image_sizeguide`, `hq_product`.`pr_create_date`, `hq_product`.`product_status`, `hq_product`.`pr_status` FROM `hq_product` WHERE `hq_product`.`ct_id` = :APR0
[Mon, 04 Jul 16 16:14:11 +0200][INFO] SELECT `hq_product`.`pr_id`, `hq_product`.`pr_public_id`, `hq_product`.`ct_id`, `hq_product`.`pr_name`, `hq_product`.`pr_decription`, `hq_product`.`pr_price`, `hq_product`.`pr_price_promotion`, `hq_product`.`pr_date_sale_from`, `hq_product`.`pr_date_sale_to`, `hq_product`.`pr_quantity`, `hq_product`.`pr_weight`, `hq_product`.`pr_seo_link`, `hq_product`.`pr_image_sizeguide`, `hq_product`.`pr_create_date`, `hq_product`.`product_status`, `hq_product`.`pr_status` FROM `hq_product` WHERE `hq_product`.`ct_id` = :APR0
[Mon, 04 Jul 16 16:14:11 +0200][INFO] SELECT `hq_product`.`pr_id`, `hq_product`.`pr_public_id`, `hq_product`.`ct_id`, `hq_product`.`pr_name`, `hq_product`.`pr_decription`, `hq_product`.`pr_price`, `hq_product`.`pr_price_promotion`, `hq_product`.`pr_date_sale_from`, `hq_product`.`pr_date_sale_to`, `hq_product`.`pr_quantity`, `hq_product`.`pr_weight`, `hq_product`.`pr_seo_link`, `hq_product`.`pr_image_sizeguide`, `hq_product`.`pr_create_date`, `hq_product`.`product_status`, `hq_product`.`pr_status` FROM `hq_product` WHERE `hq_product`.`ct_id` = :APR0
[Mon, 04 Jul 16 16:14:11 +0200][INFO] SELECT `hq_product_option`.`po_id`, `hq_product_option`.`po_name`, `hq_product_option`.`po_description` FROM `hq_product_option` WHERE `hq_product_option`.`po_id` = :APR0 LIMIT :APL0
[Mon, 04 Jul 16 16:14:11 +0200][INFO] SELECT `hq_product_option`.`po_id`, `hq_product_option`.`po_name`, `hq_product_option`.`po_description` FROM `hq_product_option` WHERE `hq_product_option`.`po_id` = :APR0 LIMIT :APL0
[Mon, 04 Jul 16 16:14:11 +0200][INFO] SELECT `hq_product_option`.`po_id`, `hq_product_option`.`po_name`, `hq_product_option`.`po_description` FROM `hq_product_option` WHERE `hq_product_option`.`po_id` = :APR0 LIMIT :APL0
[Mon, 04 Jul 16 16:14:11 +0200][INFO] SELECT `hq_product_option`.`po_id`, `hq_product_option`.`po_name`, `hq_product_option`.`po_description` FROM `hq_product_option` WHERE `hq_product_option`.`po_id` = :APR0 LIMIT :APL0
[Mon, 04 Jul 16 16:14:11 +0200][INFO] SELECT `hq_product_option`.`po_id`, `hq_product_option`.`po_name`, `hq_product_option`.`po_description` FROM `hq_product_option` WHERE `hq_product_option`.`po_id` = :APR0 LIMIT :APL0
[Mon, 04 Jul 16 16:14:11 +0200][INFO] SELECT `hq_product_option`.`po_id`, `hq_product_option`.`po_name`, `hq_product_option`.`po_description` FROM `hq_product_option` WHERE `hq_product_option`.`po_id` = :APR0 LIMIT :APL0
[Mon, 04 Jul 16 16:14:11 +0200][INFO] SELECT `hq_product_option`.`po_id`, `hq_product_option`.`po_name`, `hq_product_option`.`po_description` FROM `hq_product_option` WHERE `hq_product_option`.`po_id` = :APR0 LIMIT :APL0
[Mon, 04 Jul 16 16:14:11 +0200][INFO] SELECT `hq_product_option`.`po_id`, `hq_product_option`.`po_name`, `hq_product_option`.`po_description` FROM `hq_product_option` WHERE `hq_product_option`.`po_id` = :APR0 LIMIT :APL0
[Mon, 04 Jul 16 16:14:11 +0200][INFO] SELECT `hq_product_option`.`po_id`, `hq_product_option`.`po_name`, `hq_product_option`.`po_description` FROM `hq_product_option` WHERE `hq_product_option`.`po_id` = :APR0 LIMIT :APL0
[Mon, 04 Jul 16 16:14:11 +0200][INFO] SELECT `hq_product_option`.`po_id`, `hq_product_option`.`po_name`, `hq_product_option`.`po_description` FROM `hq_product_option` WHERE `hq_product_option`.`po_id` = :APR0 LIMIT :APL0
[Mon, 04 Jul 16 16:14:11 +0200][INFO] SELECT `hq_product_option`.`po_id`, `hq_product_option`.`po_name`, `hq_product_option`.`po_description` FROM `hq_product_option` WHERE `hq_product_option`.`po_id` = :APR0 LIMIT :APL0
[Mon, 04 Jul 16 16:14:11 +0200][INFO] SELECT `hq_product_option`.`po_id`, `hq_product_option`.`po_name`, `hq_product_option`.`po_description` FROM `hq_product_option` WHERE `hq_product_option`.`po_id` = :APR0 LIMIT :APL0
[Mon, 04 Jul 16 16:14:11 +0200][INFO] SELECT `hq_product_option`.`po_id`, `hq_product_option`.`po_name`, `hq_product_option`.`po_description` FROM `hq_product_option` WHERE `hq_product_option`.`po_id` = :APR0 LIMIT :APL0
[Mon, 04 Jul 16 16:14:11 +0200][INFO] SELECT `hq_product_option`.`po_id`, `hq_product_option`.`po_name`, `hq_product_option`.`po_description` FROM `hq_product_option` WHERE `hq_product_option`.`po_id` = :APR0 LIMIT :APL0
[Mon, 04 Jul 16 16:14:11 +0200][INFO] SELECT `hq_product_option`.`po_id`, `hq_product_option`.`po_name`, `hq_product_option`.`po_description` FROM `hq_product_option` WHERE `hq_product_option`.`po_id` = :APR0 LIMIT :APL0
[Mon, 04 Jul 16 16:14:11 +0200][INFO] SELECT `hq_product_option`.`po_id`, `hq_product_option`.`po_name`, `hq_product_option`.`po_description` FROM `hq_product_option` WHERE `hq_product_option`.`po_id` = :APR0 LIMIT :APL0
[Mon, 04 Jul 16 16:14:11 +0200][INFO] SELECT `hq_product_option`.`po_id`, `hq_product_option`.`po_name`, `hq_product_option`.`po_description` FROM `hq_product_option` WHERE `hq_product_option`.`po_id` = :APR0 LIMIT :APL0
[Mon, 04 Jul 16 16:14:11 +0200][INFO] SELECT `hq_product_option`.`po_id`, `hq_product_option`.`po_name`, `hq_product_option`.`po_description` FROM `hq_product_option` WHERE `hq_product_option`.`po_id` = :APR0 LIMIT :APL0
[Mon, 04 Jul 16 16:14:11 +0200][INFO] SELECT `hq_product_option`.`po_id`, `hq_product_option`.`po_name`, `hq_product_option`.`po_description` FROM `hq_product_option` WHERE `hq_product_option`.`po_id` = :APR0 LIMIT :APL0
[Mon, 04 Jul 16 16:14:11 +0200][INFO] SELECT `hq_product_option`.`po_id`, `hq_product_option`.`po_name`, `hq_product_option`.`po_description` FROM `hq_product_option` WHERE `hq_product_option`.`po_id` = :APR0 LIMIT :APL0
[Mon, 04 Jul 16 16:14:11 +0200][INFO] SELECT `hq_product_option`.`po_id`, `hq_product_option`.`po_name`, `hq_product_option`.`po_description` FROM `hq_product_option` WHERE `hq_product_option`.`po_id` = :APR0 LIMIT :APL0
[Mon, 04 Jul 16 16:14:11 +0200][INFO] SELECT `hq_product_option`.`po_id`, `hq_product_option`.`po_name`, `hq_product_option`.`po_description` FROM `hq_product_option` WHERE `hq_product_option`.`po_id` = :APR0 LIMIT :APL0
[Mon, 04 Jul 16 16:14:11 +0200][INFO] SELECT `hq_product_option`.`po_id`, `hq_product_option`.`po_name`, `hq_product_option`.`po_description` FROM `hq_product_option` WHERE `hq_product_option`.`po_id` = :APR0 LIMIT :APL0
[Mon, 04 Jul 16 16:14:11 +0200][INFO] SELECT `hq_product_option`.`po_id`, `hq_product_option`.`po_name`, `hq_product_option`.`po_description` FROM `hq_product_option` WHERE `hq_product_option`.`po_id` = :APR0 LIMIT :APL0
[Mon, 04 Jul 16 16:14:11 +0200][INFO] SELECT `hq_product_option`.`po_id`, `hq_product_option`.`po_name`, `hq_product_option`.`po_description` FROM `hq_product_option` WHERE `hq_product_option`.`po_id` = :APR0 LIMIT :APL0
[Mon, 04 Jul 16 16:14:11 +0200][INFO] SELECT `hq_product_option`.`po_id`, `hq_product_option`.`po_name`, `hq_product_option`.`po_description` FROM `hq_product_option` WHERE `hq_product_option`.`po_id` = :APR0 LIMIT :APL0
[Mon, 04 Jul 16 16:14:11 +0200][INFO] SELECT `hq_product_option`.`po_id`, `hq_product_option`.`po_name`, `hq_product_option`.`po_description` FROM `hq_product_option` WHERE `hq_product_option`.`po_id` = :APR0 LIMIT :APL0
[Mon, 04 Jul 16 16:14:11 +0200][INFO] SELECT `hq_product_option`.`po_id`, `hq_product_option`.`po_name`, `hq_product_option`.`po_description` FROM `hq_product_option` WHERE `hq_product_option`.`po_id` = :APR0 LIMIT :APL0
[Mon, 04 Jul 16 16:14:11 +0200][INFO] SELECT `hq_product_option`.`po_id`, `hq_product_option`.`po_name`, `hq_product_option`.`po_description` FROM `hq_product_option` WHERE `hq_product_option`.`po_id` = :APR0 LIMIT :APL0
[Mon, 04 Jul 16 16:14:11 +0200][INFO] SELECT `hq_product_option`.`po_id`, `hq_product_option`.`po_name`, `hq_product_option`.`po_description` FROM `hq_product_option` WHERE `hq_product_option`.`po_id` = :APR0 LIMIT :APL0
[Mon, 04 Jul 16 16:14:11 +0200][INFO] SELECT `hq_product_option`.`po_id`, `hq_product_option`.`po_name`, `hq_product_option`.`po_description` FROM `hq_product_option` WHERE `hq_product_option`.`po_id` = :APR0 LIMIT :APL0
[Mon, 04 Jul 16 16:14:11 +0200][INFO] SELECT `hq_product_option`.`po_id`, `hq_product_option`.`po_name`, `hq_product_option`.`po_description` FROM `hq_product_option` WHERE `hq_product_option`.`po_id` = :APR0 LIMIT :APL0
[Mon, 04 Jul 16 16:14:11 +0200][INFO] SELECT `hq_product_option`.`po_id`, `hq_product_option`.`po_name`, `hq_product_option`.`po_description` FROM `hq_product_option` WHERE `hq_product_option`.`po_id` = :APR0 LIMIT :APL0
[Mon, 04 Jul 16 16:14:13 +0200][INFO] SELECT IF(COUNT(*) > 0, 1, 0) FROM `INFORMATION_SCHEMA`.`TABLES` WHERE `TABLE_NAME` = 'hq_menu' AND `TABLE_SCHEMA` = DATABASE()
[Mon, 04 Jul 16 16:14:13 +0200][INFO] DESCRIBE `hq_menu`
[Mon, 04 Jul 16 16:14:13 +0200][INFO] SELECT `hq_menu`.`mn_id`, `hq_menu`.`mn_parent_id`, `hq_menu`.`mn_name`, `hq_menu`.`mn_link`, `hq_menu`.`mn_sort`, `hq_menu`.`mn_status`, `hq_menu`.`created_at`, `hq_menu`.`update_at` FROM `hq_menu` WHERE `hq_menu`.`mn_parent_id` = 0 AND `hq_menu`.`mn_status` = 1 ORDER BY `hq_menu`.`mn_sort` ASC
[Mon, 04 Jul 16 16:14:13 +0200][INFO] SELECT IF(COUNT(*) > 0, 1, 0) FROM `INFORMATION_SCHEMA`.`TABLES` WHERE `TABLE_NAME` = 'hq_manufacturer' AND `TABLE_SCHEMA` = DATABASE()
[Mon, 04 Jul 16 16:14:13 +0200][INFO] DESCRIBE `hq_manufacturer`
[Mon, 04 Jul 16 16:14:13 +0200][INFO] SELECT `hq_manufacturer`.`ma_id`, `hq_manufacturer`.`ma_name`, `hq_manufacturer`.`ma_description`, `hq_manufacturer`.`created_at`, `hq_manufacturer`.`update_at` FROM `hq_manufacturer`
[Mon, 04 Jul 16 16:14:13 +0200][INFO] SELECT IF(COUNT(*) > 0, 1, 0) FROM `INFORMATION_SCHEMA`.`TABLES` WHERE `TABLE_NAME` = 'hq_infomation' AND `TABLE_SCHEMA` = DATABASE()
[Mon, 04 Jul 16 16:14:13 +0200][INFO] DESCRIBE `hq_infomation`
[Mon, 04 Jul 16 16:14:13 +0200][INFO] SELECT `hq_infomation`.`inf_id`, `hq_infomation`.`inf_name`, `hq_infomation`.`inf_address`, `hq_infomation`.`inf_phone`, `hq_infomation`.`inf_mail`, `hq_infomation`.`inf_open_time` FROM `hq_infomation` LIMIT :APL0
[Mon, 04 Jul 16 16:14:13 +0200][INFO] SELECT IF(COUNT(*) > 0, 1, 0) FROM `INFORMATION_SCHEMA`.`TABLES` WHERE `TABLE_NAME` = 'hq_orther_page' AND `TABLE_SCHEMA` = DATABASE()
[Mon, 04 Jul 16 16:14:13 +0200][INFO] DESCRIBE `hq_orther_page`
[Mon, 04 Jul 16 16:14:13 +0200][INFO] SELECT `hq_orther_page`.`p_id`, `hq_orther_page`.`p_name`, `hq_orther_page`.`p_short_description`, `hq_orther_page`.`p_description`, `hq_orther_page`.`p_seo_link`, `hq_orther_page`.`p_image_link`, `hq_orther_page`.`p_status`, `hq_orther_page`.`update_at`, `hq_orther_page`.`created_at` FROM `hq_orther_page` WHERE `hq_orther_page`.`p_status` = 1
[Mon, 04 Jul 16 16:14:13 +0200][INFO] SELECT IF(COUNT(*) > 0, 1, 0) FROM `INFORMATION_SCHEMA`.`TABLES` WHERE `TABLE_NAME` = 'hq_category' AND `TABLE_SCHEMA` = DATABASE()
[Mon, 04 Jul 16 16:14:13 +0200][INFO] DESCRIBE `hq_category`
[Mon, 04 Jul 16 16:14:13 +0200][INFO] SELECT `hq_category`.`ct_id`, `hq_category`.`ma_id`, `hq_category`.`ct_name`, `hq_category`.`ct_parent_id`, `hq_category`.`ct_image`, `hq_category`.`ct_description`, `hq_category`.`ct_sort`, `hq_category`.`ct_seo_link`, `hq_category`.`ct_status` FROM `hq_category` WHERE `hq_category`.`ct_seo_link` = 'img' LIMIT :APL0
[Mon, 04 Jul 16 16:14:13 +0200][INFO] SELECT IF(COUNT(*) > 0, 1, 0) FROM `INFORMATION_SCHEMA`.`TABLES` WHERE `TABLE_NAME` = 'hq_menu' AND `TABLE_SCHEMA` = DATABASE()
[Mon, 04 Jul 16 16:14:13 +0200][INFO] DESCRIBE `hq_menu`
[Mon, 04 Jul 16 16:14:13 +0200][INFO] SELECT `hq_menu`.`mn_id`, `hq_menu`.`mn_parent_id`, `hq_menu`.`mn_name`, `hq_menu`.`mn_link`, `hq_menu`.`mn_sort`, `hq_menu`.`mn_status`, `hq_menu`.`created_at`, `hq_menu`.`update_at` FROM `hq_menu` WHERE `hq_menu`.`mn_parent_id` = 0 AND `hq_menu`.`mn_status` = 1 ORDER BY `hq_menu`.`mn_sort` ASC
[Mon, 04 Jul 16 16:14:13 +0200][INFO] SELECT IF(COUNT(*) > 0, 1, 0) FROM `INFORMATION_SCHEMA`.`TABLES` WHERE `TABLE_NAME` = 'hq_manufacturer' AND `TABLE_SCHEMA` = DATABASE()
[Mon, 04 Jul 16 16:14:13 +0200][INFO] DESCRIBE `hq_manufacturer`
[Mon, 04 Jul 16 16:14:13 +0200][INFO] SELECT `hq_manufacturer`.`ma_id`, `hq_manufacturer`.`ma_name`, `hq_manufacturer`.`ma_description`, `hq_manufacturer`.`created_at`, `hq_manufacturer`.`update_at` FROM `hq_manufacturer`
[Mon, 04 Jul 16 16:14:13 +0200][INFO] SELECT IF(COUNT(*) > 0, 1, 0) FROM `INFORMATION_SCHEMA`.`TABLES` WHERE `TABLE_NAME` = 'hq_infomation' AND `TABLE_SCHEMA` = DATABASE()
[Mon, 04 Jul 16 16:14:13 +0200][INFO] DESCRIBE `hq_infomation`
[Mon, 04 Jul 16 16:14:13 +0200][INFO] SELECT `hq_infomation`.`inf_id`, `hq_infomation`.`inf_name`, `hq_infomation`.`inf_address`, `hq_infomation`.`inf_phone`, `hq_infomation`.`inf_mail`, `hq_infomation`.`inf_open_time` FROM `hq_infomation` LIMIT :APL0
[Mon, 04 Jul 16 16:14:13 +0200][INFO] SELECT IF(COUNT(*) > 0, 1, 0) FROM `INFORMATION_SCHEMA`.`TABLES` WHERE `TABLE_NAME` = 'hq_orther_page' AND `TABLE_SCHEMA` = DATABASE()
[Mon, 04 Jul 16 16:14:13 +0200][INFO] DESCRIBE `hq_orther_page`
[Mon, 04 Jul 16 16:14:13 +0200][INFO] SELECT `hq_orther_page`.`p_id`, `hq_orther_page`.`p_name`, `hq_orther_page`.`p_short_description`, `hq_orther_page`.`p_description`, `hq_orther_page`.`p_seo_link`, `hq_orther_page`.`p_image_link`, `hq_orther_page`.`p_status`, `hq_orther_page`.`update_at`, `hq_orther_page`.`created_at` FROM `hq_orther_page` WHERE `hq_orther_page`.`p_status` = 1
[Mon, 04 Jul 16 16:14:13 +0200][INFO] SELECT IF(COUNT(*) > 0, 1, 0) FROM `INFORMATION_SCHEMA`.`TABLES` WHERE `TABLE_NAME` = 'hq_category' AND `TABLE_SCHEMA` = DATABASE()
[Mon, 04 Jul 16 16:14:13 +0200][INFO] DESCRIBE `hq_category`
[Mon, 04 Jul 16 16:14:13 +0200][INFO] SELECT `hq_category`.`ct_id`, `hq_category`.`ma_id`, `hq_category`.`ct_name`, `hq_category`.`ct_parent_id`, `hq_category`.`ct_image`, `hq_category`.`ct_description`, `hq_category`.`ct_sort`, `hq_category`.`ct_seo_link`, `hq_category`.`ct_status` FROM `hq_category` WHERE `hq_category`.`ct_seo_link` = 'img' LIMIT :APL0
